<?xml version="1.0" encoding="UTF-8"?>
<coverage generated="1592843946088" clover="3.2.0">
  <project timestamp="1592843946088" name="All files">
    <metrics statements="200" coveredstatements="188" conditionals="95" coveredconditionals="79" methods="50" coveredmethods="46" elements="345" coveredelements="313" complexity="0" loc="200" ncloc="200" packages="1" files="7" classes="7"/>
    <file name="change-graph.ts" path="/Users/d0c032y/Documents/Code/generate-runtypes/src/change-graph.ts">
      <metrics statements="13" coveredstatements="7" conditionals="6" coveredconditionals="3" methods="4" coveredmethods="3"/>
      <line num="7" count="1" type="stmt"/>
      <line num="8" count="12" type="stmt"/>
      <line num="10" count="12" type="stmt"/>
      <line num="12" count="1" type="cond" truecount="1" falsecount="1"/>
      <line num="13" count="0" type="stmt"/>
      <line num="14" count="1" type="stmt"/>
      <line num="17" count="9" type="cond" truecount="2" falsecount="0"/>
      <line num="19" count="8" type="stmt"/>
      <line num="22" count="0" type="cond" truecount="0" falsecount="2"/>
      <line num="24" count="0" type="stmt"/>
      <line num="25" count="0" type="stmt"/>
      <line num="26" count="0" type="stmt"/>
      <line num="28" count="0" type="stmt"/>
    </file>
    <file name="generate-types.ts" path="/Users/d0c032y/Documents/Code/generate-runtypes/src/generate-types.ts">
      <metrics statements="9" coveredstatements="9" conditionals="0" coveredconditionals="0" methods="1" coveredmethods="1"/>
      <line num="1" count="1" type="stmt"/>
      <line num="2" count="1" type="stmt"/>
      <line num="3" count="1" type="stmt"/>
      <line num="4" count="1" type="stmt"/>
      <line num="5" count="1" type="stmt"/>
      <line num="7" count="1" type="stmt"/>
      <line num="8" count="12" type="stmt"/>
      <line num="12" count="12" type="stmt"/>
      <line num="14" count="10" type="stmt"/>
    </file>
    <file name="registry.ts" path="/Users/d0c032y/Documents/Code/generate-runtypes/src/registry.ts">
      <metrics statements="75" coveredstatements="72" conditionals="43" coveredconditionals="36" methods="17" coveredmethods="15"/>
      <line num="1" count="1" type="stmt"/>
      <line num="2" count="1" type="stmt"/>
      <line num="3" count="1" type="stmt"/>
      <line num="4" count="1" type="stmt"/>
      <line num="18" count="1" type="stmt"/>
      <line num="19" count="20" type="stmt"/>
      <line num="21" count="1" type="stmt"/>
      <line num="22" count="12" type="cond" truecount="1" falsecount="0"/>
      <line num="23" count="19" type="cond" truecount="2" falsecount="0"/>
      <line num="24" count="19" type="stmt"/>
      <line num="28" count="19" type="cond" truecount="2" falsecount="0"/>
      <line num="29" count="1" type="stmt"/>
      <line num="31" count="18" type="stmt"/>
      <line num="33" count="18" type="stmt"/>
      <line num="36" count="12" type="stmt"/>
      <line num="39" count="1" type="stmt"/>
      <line num="40" count="5" type="cond" truecount="2" falsecount="2"/>
      <line num="41" count="0" type="stmt"/>
      <line num="42" count="5" type="cond" truecount="2" falsecount="2"/>
      <line num="43" count="0" type="stmt"/>
      <line num="44" count="5" type="cond" truecount="4" falsecount="0"/>
      <line num="45" count="1" type="stmt"/>
      <line num="48" count="4" type="stmt"/>
      <line num="51" count="1" type="stmt"/>
      <line num="55" count="3" type="stmt"/>
      <line num="57" count="3" type="stmt"/>
      <line num="58" count="5" type="stmt"/>
      <line num="59" count="5" type="cond" truecount="2" falsecount="0"/>
      <line num="60" count="0" type="cond" truecount="3" falsecount="1"/>
      <line num="63" count="2" type="cond" truecount="1" falsecount="1"/>
      <line num="64" count="2" type="stmt"/>
      <line num="68" count="3" type="stmt"/>
      <line num="71" count="1" type="stmt"/>
      <line num="72" count="12" type="stmt"/>
      <line num="73" count="12" type="stmt"/>
      <line num="74" count="12" type="stmt"/>
      <line num="75" count="12" type="stmt"/>
      <line num="77" count="12" type="stmt"/>
      <line num="78" count="2" type="stmt"/>
      <line num="79" count="2" type="cond" truecount="2" falsecount="0"/>
      <line num="81" count="1" type="stmt"/>
      <line num="84" count="12" type="stmt"/>
      <line num="89" count="3" type="stmt"/>
      <line num="93" count="3" type="cond" truecount="2" falsecount="0"/>
      <line num="95" count="2" type="stmt"/>
      <line num="97" count="2" type="cond" truecount="2" falsecount="0"/>
      <line num="98" count="1" type="stmt"/>
      <line num="99" count="1" type="stmt"/>
      <line num="102" count="2" type="stmt"/>
      <line num="107" count="2" type="stmt"/>
      <line num="110" count="12" type="stmt"/>
      <line num="115" count="17" type="stmt"/>
      <line num="117" count="17" type="stmt"/>
      <line num="122" count="17" type="stmt"/>
      <line num="125" count="12" type="stmt"/>
      <line num="126" count="50" type="cond" truecount="2" falsecount="0"/>
      <line num="127" count="8" type="stmt"/>
      <line num="131" count="42" type="cond" truecount="2" falsecount="0"/>
      <line num="132" count="4" type="stmt"/>
      <line num="136" count="38" type="cond" truecount="2" falsecount="0"/>
      <line num="137" count="7" type="stmt"/>
      <line num="143" count="31" type="stmt"/>
      <line num="146" count="12" type="stmt"/>
      <line num="147" count="17" type="stmt"/>
      <line num="149" count="26" type="stmt"/>
      <line num="191" count="12" type="stmt"/>
      <line num="193" count="20" type="stmt"/>
      <line num="195" count="20" type="cond" truecount="2" falsecount="0"/>
      <line num="196" count="3" type="stmt"/>
      <line num="199" count="17" type="stmt"/>
      <line num="202" count="10" type="stmt"/>
      <line num="209" count="10" type="stmt"/>
      <line num="210" count="17" type="stmt"/>
      <line num="214" count="17" type="stmt"/>
      <line num="224" count="10" type="stmt"/>
    </file>
    <file name="runtype-visitor.ts" path="/Users/d0c032y/Documents/Code/generate-runtypes/src/runtype-visitor.ts">
      <metrics statements="62" coveredstatements="60" conditionals="36" coveredconditionals="32" methods="13" coveredmethods="13"/>
      <line num="2" count="1" type="stmt"/>
      <line num="26" count="36" type="stmt"/>
      <line num="28" count="2" type="stmt"/>
      <line num="34" count="1" type="stmt"/>
      <line num="35" count="43" type="cond" truecount="4" falsecount="0"/>
      <line num="36" count="19" type="stmt"/>
      <line num="41" count="24" type="cond" truecount="2" falsecount="0"/>
      <line num="42" count="20" type="stmt"/>
      <line num="47" count="4" type="cond" truecount="2" falsecount="0"/>
      <line num="48" count="1" type="stmt"/>
      <line num="53" count="3" type="cond" truecount="2" falsecount="0"/>
      <line num="54" count="1" type="stmt"/>
      <line num="60" count="2" type="stmt"/>
      <line num="66" count="1" type="stmt"/>
      <line num="67" count="35" type="stmt"/>
      <line num="69" count="35" type="cond" truecount="1" falsecount="1"/>
      <line num="70" count="0" type="stmt"/>
      <line num="71" count="35" type="cond" truecount="1" falsecount="1"/>
      <line num="72" count="35" type="stmt"/>
      <line num="75" count="0" type="stmt"/>
      <line num="78" count="1" type="stmt"/>
      <line num="83" count="69" type="cond" truecount="2" falsecount="0"/>
      <line num="84" count="43" type="stmt"/>
      <line num="85" count="26" type="cond" truecount="2" falsecount="0"/>
      <line num="86" count="12" type="stmt"/>
      <line num="87" count="14" type="cond" truecount="2" falsecount="0"/>
      <line num="88" count="2" type="stmt"/>
      <line num="89" count="12" type="cond" truecount="2" falsecount="0"/>
      <line num="90" count="10" type="cond" truecount="1" falsecount="1"/>
      <line num="93" count="2" type="stmt"/>
      <line num="96" count="1" type="stmt"/>
      <line num="101" count="12" type="stmt"/>
      <line num="103" count="34" type="stmt"/>
      <line num="105" count="34" type="cond" truecount="2" falsecount="0"/>
      <line num="106" count="33" type="stmt"/>
      <line num="107" count="33" type="stmt"/>
      <line num="110" count="34" type="stmt"/>
      <line num="115" count="1" type="stmt"/>
      <line num="120" count="12" type="stmt"/>
      <line num="126" count="12" type="cond" truecount="2" falsecount="0"/>
      <line num="128" count="11" type="stmt"/>
      <line num="138" count="15" type="stmt"/>
      <line num="143" count="1" type="stmt"/>
      <line num="147" count="22" type="stmt"/>
      <line num="149" count="22" type="stmt"/>
      <line num="151" count="36" type="cond" truecount="2" falsecount="0"/>
      <line num="152" count="35" type="stmt"/>
      <line num="153" count="35" type="stmt"/>
      <line num="155" count="35" type="stmt"/>
      <line num="157" count="33" type="cond" truecount="2" falsecount="0"/>
      <line num="159" count="31" type="stmt"/>
      <line num="161" count="31" type="stmt"/>
      <line num="165" count="20" type="stmt"/>
      <line num="168" count="1" type="stmt"/>
      <line num="173" count="22" type="stmt"/>
      <line num="175" count="20" type="stmt"/>
      <line num="177" count="20" type="stmt"/>
      <line num="185" count="1" type="stmt"/>
      <line num="187" count="12" type="stmt"/>
      <line num="189" count="12" type="stmt"/>
      <line num="191" count="12" type="cond" truecount="1" falsecount="1"/>
      <line num="192" count="12" type="stmt"/>
    </file>
    <file name="traverse-entry.ts" path="/Users/d0c032y/Documents/Code/generate-runtypes/src/traverse-entry.ts">
      <metrics statements="11" coveredstatements="11" conditionals="0" coveredconditionals="0" methods="2" coveredmethods="2"/>
      <line num="1" count="2" type="stmt"/>
      <line num="2" count="2" type="stmt"/>
      <line num="4" count="2" type="stmt"/>
      <line num="9" count="14" type="stmt"/>
      <line num="11" count="13" type="stmt"/>
      <line num="13" count="11" type="stmt"/>
      <line num="16" count="2" type="stmt"/>
      <line num="17" count="14" type="stmt"/>
      <line num="21" count="14" type="stmt"/>
      <line num="22" count="14" type="stmt"/>
      <line num="24" count="1" type="stmt"/>
    </file>
    <file name="type-creator.ts" path="/Users/d0c032y/Documents/Code/generate-runtypes/src/type-creator.ts">
      <metrics statements="25" coveredstatements="25" conditionals="8" coveredconditionals="8" methods="11" coveredmethods="11"/>
      <line num="1" count="1" type="stmt"/>
      <line num="17" count="50" type="stmt"/>
      <line num="19" count="1" type="stmt"/>
      <line num="20" count="11" type="stmt"/>
      <line num="22" count="13" type="stmt"/>
      <line num="24" count="14" type="stmt"/>
      <line num="26" count="1" type="stmt"/>
      <line num="28" count="1" type="stmt"/>
      <line num="30" count="2" type="stmt"/>
      <line num="32" count="1" type="stmt"/>
      <line num="33" count="7" type="stmt"/>
      <line num="35" count="1" type="stmt"/>
      <line num="36" count="4" type="stmt"/>
      <line num="38" count="1" type="stmt"/>
      <line num="39" count="17" type="stmt"/>
      <line num="81" count="1" type="stmt"/>
      <line num="82" count="50" type="stmt"/>
      <line num="84" count="13" type="stmt"/>
      <line num="86" count="14" type="stmt"/>
      <line num="88" count="1" type="stmt"/>
      <line num="90" count="1" type="stmt"/>
      <line num="92" count="2" type="stmt"/>
      <line num="94" count="8" type="stmt"/>
      <line num="96" count="7" type="stmt"/>
      <line num="98" count="4" type="stmt"/>
    </file>
    <file name="util.ts" path="/Users/d0c032y/Documents/Code/generate-runtypes/src/util.ts">
      <metrics statements="5" coveredstatements="4" conditionals="2" coveredconditionals="0" methods="2" coveredmethods="1"/>
      <line num="1" count="1" type="stmt"/>
      <line num="3" count="1" type="stmt"/>
      <line num="4" count="0" type="cond" truecount="0" falsecount="2"/>
      <line num="6" count="1" type="stmt"/>
      <line num="7" count="19" type="stmt"/>
    </file>
  </project>
</coverage>
