{"/Users/d0c032y/Documents/Code/generate-runtypes/src/change-graph.ts": {"path":"/Users/d0c032y/Documents/Code/generate-runtypes/src/change-graph.ts","statementMap":{"0":{"start":{"line":7,"column":13},"end":{"line":31,"column":2}},"1":{"start":{"line":8,"column":40},"end":{"line":8,"column":42}},"2":{"start":{"line":10,"column":2},"end":{"line":30,"column":4}},"3":{"start":{"line":12,"column":6},"end":{"line":13,"column":74}},"4":{"start":{"line":13,"column":8},"end":{"line":13,"column":74}},"5":{"start":{"line":14,"column":6},"end":{"line":14,"column":23}},"6":{"start":{"line":17,"column":6},"end":{"line":17,"column":58}},"7":{"start":{"line":17,"column":24},"end":{"line":17,"column":58}},"8":{"start":{"line":19,"column":6},"end":{"line":19,"column":19}},"9":{"start":{"line":22,"column":6},"end":{"line":22,"column":42}},"10":{"start":{"line":22,"column":29},"end":{"line":22,"column":42}},"11":{"start":{"line":24,"column":23},"end":{"line":24,"column":42}},"12":{"start":{"line":25,"column":6},"end":{"line":25,"column":26}},"13":{"start":{"line":26,"column":6},"end":{"line":26,"column":32}},"14":{"start":{"line":28,"column":6},"end":{"line":28,"column":18}}},"fnMap":{"0":{"name":"(anonymous_0)","decl":{"start":{"line":7,"column":27},"end":{"line":7,"column":43}},"loc":{"start":{"line":7,"column":45},"end":{"line":31,"column":1}}},"1":{"name":"(anonymous_1)","decl":{"start":{"line":11,"column":9},"end":{"line":11,"column":10}},"loc":{"start":{"line":11,"column":38},"end":{"line":15,"column":5}}},"2":{"name":"(anonymous_2)","decl":{"start":{"line":16,"column":4},"end":{"line":16,"column":11}},"loc":{"start":{"line":16,"column":25},"end":{"line":20,"column":5}}},"3":{"name":"(anonymous_3)","decl":{"start":{"line":21,"column":4},"end":{"line":21,"column":8}},"loc":{"start":{"line":21,"column":22},"end":{"line":29,"column":5}}}},"branchMap":{"0":{"loc":{"start":{"line":12,"column":6},"end":{"line":13,"column":74}},"type":"if","locations":[{"start":{"line":12,"column":6},"end":{"line":13,"column":74}},{"start":{"line":12,"column":6},"end":{"line":13,"column":74}}]},"1":{"loc":{"start":{"line":17,"column":6},"end":{"line":17,"column":58}},"type":"if","locations":[{"start":{"line":17,"column":6},"end":{"line":17,"column":58}},{"start":{"line":17,"column":6},"end":{"line":17,"column":58}}]},"2":{"loc":{"start":{"line":22,"column":6},"end":{"line":22,"column":42}},"type":"if","locations":[{"start":{"line":22,"column":6},"end":{"line":22,"column":42}},{"start":{"line":22,"column":6},"end":{"line":22,"column":42}}]}},"s":{"0":1,"1":12,"2":12,"3":1,"4":0,"5":1,"6":9,"7":1,"8":8,"9":0,"10":0,"11":0,"12":0,"13":0,"14":0},"f":{"0":12,"1":1,"2":9,"3":0},"b":{"0":[0,1],"1":[1,8],"2":[0,0]}}
,"/Users/d0c032y/Documents/Code/generate-runtypes/src/generate-types.ts": {"path":"/Users/d0c032y/Documents/Code/generate-runtypes/src/generate-types.ts","statementMap":{"0":{"start":{"line":1,"column":0},"end":{"line":1,"column":52}},"1":{"start":{"line":2,"column":0},"end":{"line":2,"column":65}},"2":{"start":{"line":3,"column":0},"end":{"line":3,"column":44}},"3":{"start":{"line":4,"column":0},"end":{"line":4,"column":40}},"4":{"start":{"line":5,"column":0},"end":{"line":5,"column":34}},"5":{"start":{"line":7,"column":13},"end":{"line":15,"column":2}},"6":{"start":{"line":8,"column":37},"end":{"line":10,"column":4}},"7":{"start":{"line":12,"column":23},"end":{"line":12,"column":75}},"8":{"start":{"line":14,"column":2},"end":{"line":14,"column":72}}},"fnMap":{"0":{"name":"(anonymous_1)","decl":{"start":{"line":7,"column":29},"end":{"line":7,"column":30}},"loc":{"start":{"line":7,"column":46},"end":{"line":15,"column":1}}}},"branchMap":{},"s":{"0":1,"1":1,"2":1,"3":1,"4":1,"5":1,"6":12,"7":12,"8":10},"f":{"0":12},"b":{}}
,"/Users/d0c032y/Documents/Code/generate-runtypes/src/registry.ts": {"path":"/Users/d0c032y/Documents/Code/generate-runtypes/src/registry.ts","statementMap":{"0":{"start":{"line":1,"column":0},"end":{"line":1,"column":38}},"1":{"start":{"line":2,"column":0},"end":{"line":2,"column":45}},"2":{"start":{"line":3,"column":0},"end":{"line":3,"column":38}},"3":{"start":{"line":4,"column":0},"end":{"line":4,"column":76}},"4":{"start":{"line":18,"column":27},"end":{"line":19,"column":60}},"5":{"start":{"line":19,"column":2},"end":{"line":19,"column":60}},"6":{"start":{"line":21,"column":24},"end":{"line":37,"column":1}},"7":{"start":{"line":22,"column":22},"end":{"line":34,"column":3}},"8":{"start":{"line":23,"column":22},"end":{"line":23,"column":68}},"9":{"start":{"line":24,"column":21},"end":{"line":26,"column":26}},"10":{"start":{"line":28,"column":4},"end":{"line":29,"column":54}},"11":{"start":{"line":29,"column":6},"end":{"line":29,"column":54}},"12":{"start":{"line":31,"column":4},"end":{"line":31,"column":28}},"13":{"start":{"line":33,"column":4},"end":{"line":33,"column":20}},"14":{"start":{"line":36,"column":2},"end":{"line":36,"column":21}},"15":{"start":{"line":39,"column":20},"end":{"line":49,"column":1}},"16":{"start":{"line":40,"column":2},"end":{"line":46,"column":null}},"17":{"start":{"line":41,"column":4},"end":{"line":41,"column":39}},"18":{"start":{"line":42,"column":9},"end":{"line":46,"column":null}},"19":{"start":{"line":43,"column":4},"end":{"line":43,"column":77}},"20":{"start":{"line":43,"column":42},"end":{"line":43,"column":75}},"21":{"start":{"line":44,"column":9},"end":{"line":46,"column":null}},"22":{"start":{"line":45,"column":4},"end":{"line":45,"column":29}},"23":{"start":{"line":48,"column":2},"end":{"line":48,"column":27}},"24":{"start":{"line":51,"column":14},"end":{"line":69,"column":1}},"25":{"start":{"line":55,"column":18},"end":{"line":55,"column":23}},"26":{"start":{"line":57,"column":2},"end":{"line":66,"column":5}},"27":{"start":{"line":58,"column":18},"end":{"line":58,"column":28}},"28":{"start":{"line":59,"column":4},"end":{"line":65,"column":null}},"29":{"start":{"line":60,"column":42},"end":{"line":60,"column":63}},"30":{"start":{"line":63,"column":6},"end":{"line":63,"column":66}},"31":{"start":{"line":64,"column":6},"end":{"line":64,"column":23}},"32":{"start":{"line":68,"column":2},"end":{"line":68,"column":19}},"33":{"start":{"line":71,"column":13},"end":{"line":227,"column":2}},"34":{"start":{"line":72,"column":16},"end":{"line":72,"column":48}},"35":{"start":{"line":73,"column":20},"end":{"line":73,"column":37}},"36":{"start":{"line":74,"column":22},"end":{"line":74,"column":48}},"37":{"start":{"line":75,"column":20},"end":{"line":75,"column":33}},"38":{"start":{"line":77,"column":21},"end":{"line":82,"column":3}},"39":{"start":{"line":78,"column":26},"end":{"line":78,"column":42}},"40":{"start":{"line":79,"column":4},"end":{"line":79,"column":60}},"41":{"start":{"line":79,"column":40},"end":{"line":79,"column":60}},"42":{"start":{"line":81,"column":4},"end":{"line":81,"column":53}},"43":{"start":{"line":84,"column":17},"end":{"line":108,"column":3}},"44":{"start":{"line":89,"column":59},"end":{"line":90,"column":null}},"45":{"start":{"line":93,"column":4},"end":{"line":93,"column":60}},"46":{"start":{"line":93,"column":40},"end":{"line":93,"column":60}},"47":{"start":{"line":95,"column":20},"end":{"line":95,"column":48}},"48":{"start":{"line":97,"column":4},"end":{"line":100,"column":null}},"49":{"start":{"line":98,"column":6},"end":{"line":98,"column":43}},"50":{"start":{"line":99,"column":6},"end":{"line":99,"column":37}},"51":{"start":{"line":102,"column":4},"end":{"line":105,"column":7}},"52":{"start":{"line":107,"column":4},"end":{"line":107,"column":19}},"53":{"start":{"line":110,"column":17},"end":{"line":123,"column":3}},"54":{"start":{"line":115,"column":17},"end":{"line":115,"column":46}},"55":{"start":{"line":117,"column":4},"end":{"line":120,"column":7}},"56":{"start":{"line":122,"column":4},"end":{"line":122,"column":16}},"57":{"start":{"line":125,"column":30},"end":{"line":144,"column":3}},"58":{"start":{"line":126,"column":4},"end":{"line":141,"column":null}},"59":{"start":{"line":127,"column":6},"end":{"line":130,"column":8}},"60":{"start":{"line":131,"column":11},"end":{"line":141,"column":null}},"61":{"start":{"line":132,"column":6},"end":{"line":135,"column":8}},"62":{"start":{"line":136,"column":11},"end":{"line":141,"column":null}},"63":{"start":{"line":137,"column":6},"end":{"line":140,"column":8}},"64":{"start":{"line":143,"column":4},"end":{"line":143,"column":16}},"65":{"start":{"line":146,"column":24},"end":{"line":158,"column":null}},"66":{"start":{"line":147,"column":4},"end":{"line":158,"column":null}},"67":{"start":{"line":149,"column":8},"end":{"line":156,"column":null}},"68":{"start":{"line":191,"column":2},"end":{"line":226,"column":4}},"69":{"start":{"line":193,"column":24},"end":{"line":193,"column":50}},"70":{"start":{"line":195,"column":6},"end":{"line":197,"column":null}},"71":{"start":{"line":196,"column":8},"end":{"line":196,"column":45}},"72":{"start":{"line":199,"column":6},"end":{"line":199,"column":43}},"73":{"start":{"line":202,"column":22},"end":{"line":207,"column":8}},"74":{"start":{"line":209,"column":6},"end":{"line":222,"column":null}},"75":{"start":{"line":210,"column":27},"end":{"line":212,"column":10}},"76":{"start":{"line":214,"column":8},"end":{"line":221,"column":10}},"77":{"start":{"line":224,"column":6},"end":{"line":224,"column":21}}},"fnMap":{"0":{"name":"(anonymous_6)","decl":{"start":{"line":18,"column":27},"end":{"line":18,"column":28}},"loc":{"start":{"line":19,"column":2},"end":{"line":19,"column":60}}},"1":{"name":"(anonymous_7)","decl":{"start":{"line":21,"column":24},"end":{"line":21,"column":25}},"loc":{"start":{"line":21,"column":51},"end":{"line":37,"column":1}}},"2":{"name":"(anonymous_8)","decl":{"start":{"line":22,"column":22},"end":{"line":22,"column":23}},"loc":{"start":{"line":22,"column":62},"end":{"line":34,"column":3}}},"3":{"name":"(anonymous_9)","decl":{"start":{"line":39,"column":20},"end":{"line":39,"column":21}},"loc":{"start":{"line":39,"column":64},"end":{"line":49,"column":1}}},"4":{"name":"(anonymous_10)","decl":{"start":{"line":43,"column":26},"end":{"line":43,"column":27}},"loc":{"start":{"line":43,"column":42},"end":{"line":43,"column":75}}},"5":{"name":"(anonymous_11)","decl":{"start":{"line":51,"column":14},"end":{"line":51,"column":null}},"loc":{"start":{"line":54,"column":4},"end":{"line":69,"column":1}}},"6":{"name":"(anonymous_12)","decl":{"start":{"line":57,"column":35},"end":{"line":57,"column":36}},"loc":{"start":{"line":57,"column":46},"end":{"line":66,"column":3}}},"7":{"name":"(anonymous_13)","decl":{"start":{"line":60,"column":35},"end":{"line":60,"column":36}},"loc":{"start":{"line":60,"column":42},"end":{"line":60,"column":63}}},"8":{"name":"(anonymous_14)","decl":{"start":{"line":71,"column":30},"end":{"line":71,"column":43}},"loc":{"start":{"line":71,"column":45},"end":{"line":227,"column":1}}},"9":{"name":"(anonymous_15)","decl":{"start":{"line":77,"column":21},"end":{"line":77,"column":22}},"loc":{"start":{"line":77,"column":58},"end":{"line":82,"column":3}}},"10":{"name":"(anonymous_16)","decl":{"start":{"line":84,"column":17},"end":{"line":84,"column":null}},"loc":{"start":{"line":88,"column":6},"end":{"line":108,"column":3}}},"11":{"name":"(anonymous_17)","decl":{"start":{"line":110,"column":17},"end":{"line":110,"column":null}},"loc":{"start":{"line":114,"column":6},"end":{"line":123,"column":3}}},"12":{"name":"(anonymous_18)","decl":{"start":{"line":125,"column":30},"end":{"line":125,"column":31}},"loc":{"start":{"line":125,"column":65},"end":{"line":144,"column":3}}},"13":{"name":"(anonymous_19)","decl":{"start":{"line":146,"column":24},"end":{"line":146,"column":25}},"loc":{"start":{"line":147,"column":4},"end":{"line":158,"column":null}}},"14":{"name":"(anonymous_20)","decl":{"start":{"line":148,"column":33},"end":{"line":148,"column":34}},"loc":{"start":{"line":149,"column":8},"end":{"line":156,"column":null}}},"15":{"name":"(anonymous_21)","decl":{"start":{"line":192,"column":9},"end":{"line":192,"column":10}},"loc":{"start":{"line":192,"column":61},"end":{"line":200,"column":5}}},"16":{"name":"(anonymous_22)","decl":{"start":{"line":201,"column":13},"end":{"line":201,"column":16}},"loc":{"start":{"line":201,"column":18},"end":{"line":225,"column":5}}}},"branchMap":{"0":{"loc":{"start":{"line":22,"column":49},"end":{"line":22,"column":50}},"type":"default-arg","locations":[{"start":{"line":22,"column":49},"end":{"line":22,"column":50}}]},"1":{"loc":{"start":{"line":23,"column":36},"end":{"line":23,"column":44}},"type":"cond-expr","locations":[{"start":{"line":23,"column":36},"end":{"line":23,"column":44}},{"start":{"line":23,"column":47},"end":{"line":23,"column":68}}]},"2":{"loc":{"start":{"line":25,"column":8},"end":{"line":25,"column":17}},"type":"cond-expr","locations":[{"start":{"line":25,"column":8},"end":{"line":25,"column":17}},{"start":{"line":26,"column":8},"end":{"line":26,"column":26}}]},"3":{"loc":{"start":{"line":28,"column":4},"end":{"line":29,"column":54}},"type":"if","locations":[{"start":{"line":28,"column":4},"end":{"line":29,"column":54}},{"start":{"line":28,"column":4},"end":{"line":29,"column":54}}]},"4":{"loc":{"start":{"line":40,"column":2},"end":{"line":46,"column":null}},"type":"if","locations":[{"start":{"line":40,"column":2},"end":{"line":46,"column":null}},{"start":{"line":40,"column":2},"end":{"line":46,"column":null}}]},"5":{"loc":{"start":{"line":40,"column":6},"end":{"line":40,"column":24}},"type":"binary-expr","locations":[{"start":{"line":40,"column":6},"end":{"line":40,"column":24}},{"start":{"line":40,"column":28},"end":{"line":40,"column":46}}]},"6":{"loc":{"start":{"line":42,"column":9},"end":{"line":46,"column":null}},"type":"if","locations":[{"start":{"line":42,"column":9},"end":{"line":46,"column":null}},{"start":{"line":42,"column":9},"end":{"line":46,"column":null}}]},"7":{"loc":{"start":{"line":42,"column":13},"end":{"line":42,"column":31}},"type":"binary-expr","locations":[{"start":{"line":42,"column":13},"end":{"line":42,"column":31}},{"start":{"line":42,"column":35},"end":{"line":42,"column":53}}]},"8":{"loc":{"start":{"line":44,"column":9},"end":{"line":46,"column":null}},"type":"if","locations":[{"start":{"line":44,"column":9},"end":{"line":46,"column":null}},{"start":{"line":44,"column":9},"end":{"line":46,"column":null}}]},"9":{"loc":{"start":{"line":44,"column":13},"end":{"line":44,"column":31}},"type":"binary-expr","locations":[{"start":{"line":44,"column":13},"end":{"line":44,"column":31}},{"start":{"line":44,"column":35},"end":{"line":44,"column":53}}]},"10":{"loc":{"start":{"line":59,"column":4},"end":{"line":65,"column":null}},"type":"if","locations":[{"start":{"line":59,"column":4},"end":{"line":65,"column":null}},{"start":{"line":59,"column":4},"end":{"line":65,"column":null}}]},"11":{"loc":{"start":{"line":60,"column":7},"end":{"line":60,"column":23}},"type":"binary-expr","locations":[{"start":{"line":60,"column":7},"end":{"line":60,"column":23}},{"start":{"line":60,"column":27},"end":{"line":60,"column":64}},{"start":{"line":61,"column":7},"end":{"line":61,"column":24}},{"start":{"line":61,"column":28},"end":{"line":61,"column":50}}]},"12":{"loc":{"start":{"line":63,"column":39},"end":{"line":63,"column":52}},"type":"cond-expr","locations":[{"start":{"line":63,"column":39},"end":{"line":63,"column":52}},{"start":{"line":63,"column":55},"end":{"line":63,"column":65}}]},"13":{"loc":{"start":{"line":79,"column":4},"end":{"line":79,"column":60}},"type":"if","locations":[{"start":{"line":79,"column":4},"end":{"line":79,"column":60}},{"start":{"line":79,"column":4},"end":{"line":79,"column":60}}]},"14":{"loc":{"start":{"line":93,"column":4},"end":{"line":93,"column":60}},"type":"if","locations":[{"start":{"line":93,"column":4},"end":{"line":93,"column":60}},{"start":{"line":93,"column":4},"end":{"line":93,"column":60}}]},"15":{"loc":{"start":{"line":97,"column":4},"end":{"line":100,"column":null}},"type":"if","locations":[{"start":{"line":97,"column":4},"end":{"line":100,"column":null}},{"start":{"line":97,"column":4},"end":{"line":100,"column":null}}]},"16":{"loc":{"start":{"line":126,"column":4},"end":{"line":141,"column":null}},"type":"if","locations":[{"start":{"line":126,"column":4},"end":{"line":141,"column":null}},{"start":{"line":126,"column":4},"end":{"line":141,"column":null}}]},"17":{"loc":{"start":{"line":131,"column":11},"end":{"line":141,"column":null}},"type":"if","locations":[{"start":{"line":131,"column":11},"end":{"line":141,"column":null}},{"start":{"line":131,"column":11},"end":{"line":141,"column":null}}]},"18":{"loc":{"start":{"line":136,"column":11},"end":{"line":141,"column":null}},"type":"if","locations":[{"start":{"line":136,"column":11},"end":{"line":141,"column":null}},{"start":{"line":136,"column":11},"end":{"line":141,"column":null}}]},"19":{"loc":{"start":{"line":152,"column":14},"end":{"line":154,"column":null}},"type":"cond-expr","locations":[{"start":{"line":152,"column":14},"end":{"line":154,"column":null}},{"start":{"line":156,"column":14},"end":{"line":156,"column":52}}]},"20":{"loc":{"start":{"line":195,"column":6},"end":{"line":197,"column":null}},"type":"if","locations":[{"start":{"line":195,"column":6},"end":{"line":197,"column":null}},{"start":{"line":195,"column":6},"end":{"line":197,"column":null}}]}},"s":{"0":1,"1":1,"2":1,"3":1,"4":1,"5":20,"6":1,"7":12,"8":19,"9":19,"10":19,"11":1,"12":18,"13":18,"14":12,"15":1,"16":5,"17":0,"18":5,"19":0,"20":0,"21":5,"22":1,"23":4,"24":1,"25":3,"26":3,"27":5,"28":5,"29":0,"30":2,"31":2,"32":3,"33":1,"34":12,"35":12,"36":12,"37":12,"38":12,"39":2,"40":2,"41":1,"42":1,"43":12,"44":3,"45":3,"46":1,"47":2,"48":2,"49":1,"50":1,"51":2,"52":2,"53":12,"54":17,"55":17,"56":17,"57":12,"58":50,"59":8,"60":42,"61":4,"62":38,"63":7,"64":31,"65":12,"66":17,"67":26,"68":12,"69":20,"70":20,"71":3,"72":17,"73":10,"74":10,"75":17,"76":17,"77":10},"f":{"0":20,"1":12,"2":19,"3":5,"4":0,"5":3,"6":5,"7":0,"8":12,"9":2,"10":3,"11":17,"12":50,"13":17,"14":26,"15":20,"16":10},"b":{"0":[18],"1":[18,1],"2":[19,0],"3":[1,18],"4":[0,5],"5":[5,0],"6":[0,5],"7":[5,0],"8":[1,4],"9":[5,1],"10":[2,3],"11":[5,0,5,5],"12":[0,2],"13":[1,1],"14":[1,2],"15":[1,1],"16":[8,42],"17":[4,38],"18":[7,31],"19":[2,24],"20":[3,17]}}
,"/Users/d0c032y/Documents/Code/generate-runtypes/src/runtype-visitor.ts": {"path":"/Users/d0c032y/Documents/Code/generate-runtypes/src/runtype-visitor.ts","statementMap":{"0":{"start":{"line":2,"column":0},"end":{"line":2,"column":null}},"1":{"start":{"line":26,"column":26},"end":{"line":26,"column":69}},"2":{"start":{"line":26,"column":60},"end":{"line":26,"column":69}},"3":{"start":{"line":28,"column":38},"end":{"line":32,"column":2}},"4":{"start":{"line":28,"column":78},"end":{"line":32,"column":2}},"5":{"start":{"line":34,"column":27},"end":{"line":64,"column":1}},"6":{"start":{"line":35,"column":2},"end":{"line":63,"column":null}},"7":{"start":{"line":36,"column":4},"end":{"line":40,"column":6}},"8":{"start":{"line":41,"column":9},"end":{"line":63,"column":null}},"9":{"start":{"line":42,"column":4},"end":{"line":46,"column":6}},"10":{"start":{"line":47,"column":9},"end":{"line":63,"column":null}},"11":{"start":{"line":48,"column":4},"end":{"line":52,"column":6}},"12":{"start":{"line":53,"column":9},"end":{"line":63,"column":null}},"13":{"start":{"line":54,"column":4},"end":{"line":58,"column":6}},"14":{"start":{"line":60,"column":4},"end":{"line":62,"column":6}},"15":{"start":{"line":66,"column":28},"end":{"line":76,"column":1}},"16":{"start":{"line":67,"column":14},"end":{"line":67,"column":39}},"17":{"start":{"line":69,"column":2},"end":{"line":73,"column":null}},"18":{"start":{"line":70,"column":4},"end":{"line":70,"column":26}},"19":{"start":{"line":71,"column":9},"end":{"line":73,"column":null}},"20":{"start":{"line":72,"column":4},"end":{"line":72,"column":25}},"21":{"start":{"line":75,"column":2},"end":{"line":75,"column":43}},"22":{"start":{"line":78,"column":23},"end":{"line":94,"column":1}},"23":{"start":{"line":83,"column":2},"end":{"line":91,"column":null}},"24":{"start":{"line":84,"column":4},"end":{"line":84,"column":41}},"25":{"start":{"line":85,"column":9},"end":{"line":91,"column":null}},"26":{"start":{"line":86,"column":4},"end":{"line":86,"column":54}},"27":{"start":{"line":87,"column":9},"end":{"line":91,"column":null}},"28":{"start":{"line":88,"column":4},"end":{"line":88,"column":52}},"29":{"start":{"line":89,"column":9},"end":{"line":91,"column":null}},"30":{"start":{"line":90,"column":4},"end":{"line":90,"column":71}},"31":{"start":{"line":93,"column":2},"end":{"line":93,"column":12}},"32":{"start":{"line":96,"column":23},"end":{"line":112,"column":null}},"33":{"start":{"line":101,"column":2},"end":{"line":112,"column":null}},"34":{"start":{"line":103,"column":30},"end":{"line":103,"column":68}},"35":{"start":{"line":105,"column":6},"end":{"line":108,"column":null}},"36":{"start":{"line":106,"column":8},"end":{"line":106,"column":47}},"37":{"start":{"line":107,"column":8},"end":{"line":107,"column":41}},"38":{"start":{"line":110,"column":6},"end":{"line":110,"column":35}},"39":{"start":{"line":115,"column":27},"end":{"line":141,"column":1}},"40":{"start":{"line":120,"column":32},"end":{"line":123,"column":null}},"41":{"start":{"line":126,"column":2},"end":{"line":126,"column":41}},"42":{"start":{"line":126,"column":31},"end":{"line":126,"column":41}},"43":{"start":{"line":128,"column":2},"end":{"line":140,"column":8}},"44":{"start":{"line":138,"column":54},"end":{"line":138,"column":66}},"45":{"start":{"line":143,"column":36},"end":{"line":166,"column":1}},"46":{"start":{"line":147,"column":46},"end":{"line":147,"column":48}},"47":{"start":{"line":149,"column":2},"end":{"line":163,"column":5}},"48":{"start":{"line":151,"column":6},"end":{"line":151,"column":48}},"49":{"start":{"line":151,"column":41},"end":{"line":151,"column":48}},"50":{"start":{"line":152,"column":18},"end":{"line":152,"column":43}},"51":{"start":{"line":153,"column":20},"end":{"line":153,"column":37}},"52":{"start":{"line":155,"column":30},"end":{"line":155,"column":63}},"53":{"start":{"line":157,"column":6},"end":{"line":157,"column":31}},"54":{"start":{"line":157,"column":24},"end":{"line":157,"column":31}},"55":{"start":{"line":159,"column":6},"end":{"line":159,"column":33}},"56":{"start":{"line":161,"column":6},"end":{"line":161,"column":18}},"57":{"start":{"line":165,"column":2},"end":{"line":165,"column":20}},"58":{"start":{"line":168,"column":23},"end":{"line":183,"column":1}},"59":{"start":{"line":173,"column":21},"end":{"line":173,"column":61}},"60":{"start":{"line":175,"column":15},"end":{"line":175,"column":45}},"61":{"start":{"line":177,"column":2},"end":{"line":182,"column":4}},"62":{"start":{"line":185,"column":13},"end":{"line":195,"column":2}},"63":{"start":{"line":187,"column":15},"end":{"line":187,"column":53}},"64":{"start":{"line":189,"column":17},"end":{"line":189,"column":33}},"65":{"start":{"line":191,"column":4},"end":{"line":193,"column":null}},"66":{"start":{"line":192,"column":6},"end":{"line":192,"column":48}}},"fnMap":{"0":{"name":"(anonymous_0)","decl":{"start":{"line":26,"column":26},"end":{"line":26,"column":27}},"loc":{"start":{"line":26,"column":60},"end":{"line":26,"column":69}}},"1":{"name":"(anonymous_1)","decl":{"start":{"line":28,"column":38},"end":{"line":28,"column":39}},"loc":{"start":{"line":28,"column":78},"end":{"line":32,"column":2}}},"2":{"name":"(anonymous_2)","decl":{"start":{"line":34,"column":27},"end":{"line":34,"column":28}},"loc":{"start":{"line":34,"column":63},"end":{"line":64,"column":1}}},"3":{"name":"(anonymous_3)","decl":{"start":{"line":66,"column":28},"end":{"line":66,"column":29}},"loc":{"start":{"line":66,"column":73},"end":{"line":76,"column":1}}},"4":{"name":"(anonymous_4)","decl":{"start":{"line":78,"column":23},"end":{"line":78,"column":null}},"loc":{"start":{"line":82,"column":22},"end":{"line":94,"column":1}}},"5":{"name":"(anonymous_5)","decl":{"start":{"line":96,"column":23},"end":{"line":96,"column":null}},"loc":{"start":{"line":101,"column":2},"end":{"line":112,"column":null}}},"6":{"name":"(anonymous_6)","decl":{"start":{"line":102,"column":4},"end":{"line":102,"column":5}},"loc":{"start":{"line":102,"column":36},"end":{"line":111,"column":5}}},"7":{"name":"(anonymous_7)","decl":{"start":{"line":115,"column":27},"end":{"line":115,"column":null}},"loc":{"start":{"line":119,"column":22},"end":{"line":141,"column":1}}},"8":{"name":"(anonymous_8)","decl":{"start":{"line":138,"column":33},"end":{"line":138,"column":34}},"loc":{"start":{"line":138,"column":54},"end":{"line":138,"column":66}}},"9":{"name":"(anonymous_9)","decl":{"start":{"line":143,"column":36},"end":{"line":143,"column":null}},"loc":{"start":{"line":146,"column":4},"end":{"line":166,"column":1}}},"10":{"name":"(anonymous_10)","decl":{"start":{"line":150,"column":4},"end":{"line":150,"column":18}},"loc":{"start":{"line":150,"column":23},"end":{"line":162,"column":5}}},"11":{"name":"(anonymous_11)","decl":{"start":{"line":168,"column":23},"end":{"line":168,"column":null}},"loc":{"start":{"line":172,"column":22},"end":{"line":183,"column":1}}},"12":{"name":"(anonymous_12)","decl":{"start":{"line":186,"column":2},"end":{"line":186,"column":20}},"loc":{"start":{"line":186,"column":32},"end":{"line":194,"column":3}}}},"branchMap":{"0":{"loc":{"start":{"line":35,"column":2},"end":{"line":63,"column":null}},"type":"if","locations":[{"start":{"line":35,"column":2},"end":{"line":63,"column":null}},{"start":{"line":35,"column":2},"end":{"line":63,"column":null}}]},"1":{"loc":{"start":{"line":35,"column":6},"end":{"line":35,"column":27}},"type":"binary-expr","locations":[{"start":{"line":35,"column":6},"end":{"line":35,"column":27}},{"start":{"line":35,"column":31},"end":{"line":35,"column":54}}]},"2":{"loc":{"start":{"line":41,"column":9},"end":{"line":63,"column":null}},"type":"if","locations":[{"start":{"line":41,"column":9},"end":{"line":63,"column":null}},{"start":{"line":41,"column":9},"end":{"line":63,"column":null}}]},"3":{"loc":{"start":{"line":47,"column":9},"end":{"line":63,"column":null}},"type":"if","locations":[{"start":{"line":47,"column":9},"end":{"line":63,"column":null}},{"start":{"line":47,"column":9},"end":{"line":63,"column":null}}]},"4":{"loc":{"start":{"line":53,"column":9},"end":{"line":63,"column":null}},"type":"if","locations":[{"start":{"line":53,"column":9},"end":{"line":63,"column":null}},{"start":{"line":53,"column":9},"end":{"line":63,"column":null}}]},"5":{"loc":{"start":{"line":69,"column":2},"end":{"line":73,"column":null}},"type":"if","locations":[{"start":{"line":69,"column":2},"end":{"line":73,"column":null}},{"start":{"line":69,"column":2},"end":{"line":73,"column":null}}]},"6":{"loc":{"start":{"line":71,"column":9},"end":{"line":73,"column":null}},"type":"if","locations":[{"start":{"line":71,"column":9},"end":{"line":73,"column":null}},{"start":{"line":71,"column":9},"end":{"line":73,"column":null}}]},"7":{"loc":{"start":{"line":83,"column":2},"end":{"line":91,"column":null}},"type":"if","locations":[{"start":{"line":83,"column":2},"end":{"line":91,"column":null}},{"start":{"line":83,"column":2},"end":{"line":91,"column":null}}]},"8":{"loc":{"start":{"line":85,"column":9},"end":{"line":91,"column":null}},"type":"if","locations":[{"start":{"line":85,"column":9},"end":{"line":91,"column":null}},{"start":{"line":85,"column":9},"end":{"line":91,"column":null}}]},"9":{"loc":{"start":{"line":87,"column":9},"end":{"line":91,"column":null}},"type":"if","locations":[{"start":{"line":87,"column":9},"end":{"line":91,"column":null}},{"start":{"line":87,"column":9},"end":{"line":91,"column":null}}]},"10":{"loc":{"start":{"line":89,"column":9},"end":{"line":91,"column":null}},"type":"if","locations":[{"start":{"line":89,"column":9},"end":{"line":91,"column":null}},{"start":{"line":89,"column":9},"end":{"line":91,"column":null}}]},"11":{"loc":{"start":{"line":90,"column":26},"end":{"line":90,"column":35}},"type":"binary-expr","locations":[{"start":{"line":90,"column":26},"end":{"line":90,"column":35}},{"start":{"line":90,"column":39},"end":{"line":90,"column":56}}]},"12":{"loc":{"start":{"line":105,"column":6},"end":{"line":108,"column":null}},"type":"if","locations":[{"start":{"line":105,"column":6},"end":{"line":108,"column":null}},{"start":{"line":105,"column":6},"end":{"line":108,"column":null}}]},"13":{"loc":{"start":{"line":126,"column":2},"end":{"line":126,"column":41}},"type":"if","locations":[{"start":{"line":126,"column":2},"end":{"line":126,"column":41}},{"start":{"line":126,"column":2},"end":{"line":126,"column":41}}]},"14":{"loc":{"start":{"line":129,"column":6},"end":{"line":134,"column":null}},"type":"cond-expr","locations":[{"start":{"line":129,"column":6},"end":{"line":134,"column":null}},{"start":{"line":135,"column":6},"end":{"line":140,"column":8}}]},"15":{"loc":{"start":{"line":151,"column":6},"end":{"line":151,"column":48}},"type":"if","locations":[{"start":{"line":151,"column":6},"end":{"line":151,"column":48}},{"start":{"line":151,"column":6},"end":{"line":151,"column":48}}]},"16":{"loc":{"start":{"line":157,"column":6},"end":{"line":157,"column":31}},"type":"if","locations":[{"start":{"line":157,"column":6},"end":{"line":157,"column":31}},{"start":{"line":157,"column":6},"end":{"line":157,"column":31}}]},"17":{"loc":{"start":{"line":191,"column":4},"end":{"line":193,"column":null}},"type":"if","locations":[{"start":{"line":191,"column":4},"end":{"line":193,"column":null}},{"start":{"line":191,"column":4},"end":{"line":193,"column":null}}]}},"s":{"0":1,"1":1,"2":36,"3":1,"4":2,"5":1,"6":43,"7":19,"8":24,"9":20,"10":4,"11":1,"12":3,"13":1,"14":2,"15":1,"16":35,"17":35,"18":0,"19":35,"20":35,"21":0,"22":1,"23":69,"24":43,"25":26,"26":12,"27":14,"28":2,"29":12,"30":10,"31":2,"32":1,"33":12,"34":34,"35":34,"36":33,"37":33,"38":34,"39":1,"40":12,"41":12,"42":1,"43":11,"44":15,"45":1,"46":22,"47":22,"48":36,"49":1,"50":35,"51":35,"52":35,"53":33,"54":2,"55":31,"56":31,"57":20,"58":1,"59":22,"60":20,"61":20,"62":1,"63":12,"64":12,"65":12,"66":12},"f":{"0":36,"1":2,"2":43,"3":35,"4":69,"5":12,"6":34,"7":12,"8":15,"9":22,"10":36,"11":22,"12":12},"b":{"0":[19,24],"1":[43,24],"2":[20,4],"3":[1,3],"4":[1,2],"5":[0,35],"6":[35,0],"7":[43,26],"8":[12,14],"9":[2,12],"10":[10,2],"11":[10,0],"12":[33,1],"13":[1,11],"14":[7,4],"15":[1,35],"16":[2,31],"17":[12,0]}}
,"/Users/d0c032y/Documents/Code/generate-runtypes/src/traverse-entry.ts": {"path":"/Users/d0c032y/Documents/Code/generate-runtypes/src/traverse-entry.ts","statementMap":{"0":{"start":{"line":1,"column":0},"end":{"line":1,"column":52}},"1":{"start":{"line":2,"column":0},"end":{"line":2,"column":53}},"2":{"start":{"line":4,"column":13},"end":{"line":14,"column":2}},"3":{"start":{"line":9,"column":14},"end":{"line":9,"column":29}},"4":{"start":{"line":11,"column":2},"end":{"line":11,"column":50}},"5":{"start":{"line":13,"column":2},"end":{"line":13,"column":22}},"6":{"start":{"line":16,"column":18},"end":{"line":26,"column":1}},"7":{"start":{"line":17,"column":39},"end":{"line":20,"column":4}},"8":{"start":{"line":21,"column":2},"end":{"line":25,"column":null}},"9":{"start":{"line":22,"column":4},"end":{"line":22,"column":38}},"10":{"start":{"line":24,"column":4},"end":{"line":24,"column":60}}},"fnMap":{"0":{"name":"(anonymous_1)","decl":{"start":{"line":4,"column":32},"end":{"line":4,"column":null}},"loc":{"start":{"line":8,"column":7},"end":{"line":14,"column":1}}},"1":{"name":"(anonymous_2)","decl":{"start":{"line":16,"column":18},"end":{"line":16,"column":19}},"loc":{"start":{"line":16,"column":35},"end":{"line":26,"column":1}}}},"branchMap":{},"s":{"0":2,"1":2,"2":2,"3":14,"4":13,"5":11,"6":2,"7":14,"8":14,"9":14,"10":1},"f":{"0":14,"1":14},"b":{}}
,"/Users/d0c032y/Documents/Code/generate-runtypes/src/type-creator.ts": {"path":"/Users/d0c032y/Documents/Code/generate-runtypes/src/type-creator.ts","statementMap":{"0":{"start":{"line":1,"column":0},"end":{"line":1,"column":38}},"1":{"start":{"line":17,"column":25},"end":{"line":17,"column":65}},"2":{"start":{"line":17,"column":43},"end":{"line":17,"column":65}},"3":{"start":{"line":19,"column":29},"end":{"line":20,"column":54}},"4":{"start":{"line":20,"column":2},"end":{"line":20,"column":54}},"5":{"start":{"line":22,"column":13},"end":{"line":22,"column":64}},"6":{"start":{"line":22,"column":34},"end":{"line":22,"column":63}},"7":{"start":{"line":24,"column":13},"end":{"line":24,"column":64}},"8":{"start":{"line":24,"column":34},"end":{"line":24,"column":63}},"9":{"start":{"line":26,"column":13},"end":{"line":26,"column":60}},"10":{"start":{"line":26,"column":32},"end":{"line":26,"column":59}},"11":{"start":{"line":28,"column":13},"end":{"line":28,"column":66}},"12":{"start":{"line":28,"column":35},"end":{"line":28,"column":65}},"13":{"start":{"line":30,"column":13},"end":{"line":30,"column":68}},"14":{"start":{"line":30,"column":36},"end":{"line":30,"column":67}},"15":{"start":{"line":32,"column":13},"end":{"line":33,"column":41}},"16":{"start":{"line":33,"column":2},"end":{"line":33,"column":40}},"17":{"start":{"line":35,"column":13},"end":{"line":36,"column":45}},"18":{"start":{"line":36,"column":2},"end":{"line":36,"column":44}},"19":{"start":{"line":38,"column":13},"end":{"line":50,"column":4}},"20":{"start":{"line":39,"column":2},"end":{"line":49,"column":null}},"21":{"start":{"line":81,"column":13},"end":{"line":100,"column":2}},"22":{"start":{"line":82,"column":2},"end":{"line":99,"column":null}},"23":{"start":{"line":84,"column":6},"end":{"line":84,"column":28}},"24":{"start":{"line":86,"column":6},"end":{"line":86,"column":28}},"25":{"start":{"line":88,"column":6},"end":{"line":88,"column":26}},"26":{"start":{"line":90,"column":6},"end":{"line":90,"column":29}},"27":{"start":{"line":92,"column":6},"end":{"line":92,"column":30}},"28":{"start":{"line":94,"column":6},"end":{"line":94,"column":38}},"29":{"start":{"line":96,"column":6},"end":{"line":96,"column":46}},"30":{"start":{"line":98,"column":6},"end":{"line":98,"column":55}}},"fnMap":{"0":{"name":"(anonymous_6)","decl":{"start":{"line":17,"column":25},"end":{"line":17,"column":26}},"loc":{"start":{"line":17,"column":43},"end":{"line":17,"column":65}}},"1":{"name":"(anonymous_7)","decl":{"start":{"line":19,"column":29},"end":{"line":19,"column":30}},"loc":{"start":{"line":20,"column":2},"end":{"line":20,"column":54}}},"2":{"name":"(anonymous_8)","decl":{"start":{"line":22,"column":28},"end":{"line":22,"column":31}},"loc":{"start":{"line":22,"column":34},"end":{"line":22,"column":63}}},"3":{"name":"(anonymous_9)","decl":{"start":{"line":24,"column":28},"end":{"line":24,"column":31}},"loc":{"start":{"line":24,"column":34},"end":{"line":24,"column":63}}},"4":{"name":"(anonymous_10)","decl":{"start":{"line":26,"column":26},"end":{"line":26,"column":29}},"loc":{"start":{"line":26,"column":32},"end":{"line":26,"column":59}}},"5":{"name":"(anonymous_11)","decl":{"start":{"line":28,"column":29},"end":{"line":28,"column":32}},"loc":{"start":{"line":28,"column":35},"end":{"line":28,"column":65}}},"6":{"name":"(anonymous_12)","decl":{"start":{"line":30,"column":30},"end":{"line":30,"column":33}},"loc":{"start":{"line":30,"column":36},"end":{"line":30,"column":67}}},"7":{"name":"(anonymous_13)","decl":{"start":{"line":32,"column":27},"end":{"line":32,"column":28}},"loc":{"start":{"line":33,"column":2},"end":{"line":33,"column":40}}},"8":{"name":"(anonymous_14)","decl":{"start":{"line":35,"column":27},"end":{"line":35,"column":28}},"loc":{"start":{"line":36,"column":2},"end":{"line":36,"column":44}}},"9":{"name":"(anonymous_15)","decl":{"start":{"line":38,"column":32},"end":{"line":38,"column":33}},"loc":{"start":{"line":39,"column":2},"end":{"line":49,"column":null}}},"10":{"name":"(anonymous_16)","decl":{"start":{"line":81,"column":27},"end":{"line":81,"column":28}},"loc":{"start":{"line":81,"column":75},"end":{"line":100,"column":1}}}},"branchMap":{"0":{"loc":{"start":{"line":83,"column":4},"end":{"line":84,"column":28}},"type":"switch","locations":[{"start":{"line":83,"column":4},"end":{"line":84,"column":28}},{"start":{"line":85,"column":4},"end":{"line":86,"column":28}},{"start":{"line":87,"column":4},"end":{"line":88,"column":26}},{"start":{"line":89,"column":4},"end":{"line":90,"column":29}},{"start":{"line":91,"column":4},"end":{"line":92,"column":30}},{"start":{"line":93,"column":4},"end":{"line":94,"column":38}},{"start":{"line":95,"column":4},"end":{"line":96,"column":46}},{"start":{"line":97,"column":4},"end":{"line":98,"column":55}}]}},"s":{"0":1,"1":1,"2":50,"3":1,"4":11,"5":1,"6":13,"7":1,"8":14,"9":1,"10":1,"11":1,"12":1,"13":1,"14":2,"15":1,"16":7,"17":1,"18":4,"19":1,"20":17,"21":1,"22":50,"23":13,"24":14,"25":1,"26":1,"27":2,"28":8,"29":7,"30":4},"f":{"0":50,"1":11,"2":13,"3":14,"4":1,"5":1,"6":2,"7":7,"8":4,"9":17,"10":50},"b":{"0":[13,14,1,1,2,8,7,4]}}
,"/Users/d0c032y/Documents/Code/generate-runtypes/src/util.ts": {"path":"/Users/d0c032y/Documents/Code/generate-runtypes/src/util.ts","statementMap":{"0":{"start":{"line":1,"column":25},"end":{"line":1,"column":33}},"1":{"start":{"line":3,"column":13},"end":{"line":4,"column":52}},"2":{"start":{"line":4,"column":2},"end":{"line":4,"column":51}},"3":{"start":{"line":6,"column":13},"end":{"line":10,"column":4}},"4":{"start":{"line":7,"column":2},"end":{"line":9,"column":null}}},"fnMap":{"0":{"name":"(anonymous_0)","decl":{"start":{"line":3,"column":33},"end":{"line":3,"column":34}},"loc":{"start":{"line":4,"column":2},"end":{"line":4,"column":51}}},"1":{"name":"(anonymous_1)","decl":{"start":{"line":6,"column":28},"end":{"line":6,"column":29}},"loc":{"start":{"line":7,"column":2},"end":{"line":9,"column":null}}}},"branchMap":{"0":{"loc":{"start":{"line":4,"column":30},"end":{"line":4,"column":46}},"type":"cond-expr","locations":[{"start":{"line":4,"column":30},"end":{"line":4,"column":46}},{"start":{"line":4,"column":49},"end":{"line":4,"column":51}}]}},"s":{"0":1,"1":1,"2":0,"3":1,"4":19},"f":{"0":0,"1":19},"b":{"0":[0,0]}}
}
