TN:
SF:src/change-graph.ts
FN:7,(anonymous_0)
FN:11,(anonymous_1)
FN:16,(anonymous_2)
FN:21,(anonymous_3)
FNF:4
FNH:3
FNDA:12,(anonymous_0)
FNDA:1,(anonymous_1)
FNDA:9,(anonymous_2)
FNDA:0,(anonymous_3)
DA:7,1
DA:8,12
DA:10,12
DA:12,1
DA:13,0
DA:14,1
DA:17,9
DA:19,8
DA:22,0
DA:24,0
DA:25,0
DA:26,0
DA:28,0
LF:13
LH:7
BRDA:12,0,0,0
BRDA:12,0,1,1
BRDA:17,1,0,1
BRDA:17,1,1,8
BRDA:22,2,0,0
BRDA:22,2,1,0
BRF:6
BRH:3
end_of_record
TN:
SF:src/generate-types.ts
FN:7,(anonymous_1)
FNF:1
FNH:1
FNDA:12,(anonymous_1)
DA:1,1
DA:2,1
DA:3,1
DA:4,1
DA:5,1
DA:7,1
DA:8,12
DA:12,12
DA:14,10
LF:9
LH:9
BRF:0
BRH:0
end_of_record
TN:
SF:src/registry.ts
FN:18,(anonymous_6)
FN:21,(anonymous_7)
FN:22,(anonymous_8)
FN:39,(anonymous_9)
FN:43,(anonymous_10)
FN:51,(anonymous_11)
FN:57,(anonymous_12)
FN:60,(anonymous_13)
FN:71,(anonymous_14)
FN:77,(anonymous_15)
FN:84,(anonymous_16)
FN:110,(anonymous_17)
FN:125,(anonymous_18)
FN:146,(anonymous_19)
FN:148,(anonymous_20)
FN:192,(anonymous_21)
FN:201,(anonymous_22)
FNF:17
FNH:15
FNDA:20,(anonymous_6)
FNDA:12,(anonymous_7)
FNDA:19,(anonymous_8)
FNDA:5,(anonymous_9)
FNDA:0,(anonymous_10)
FNDA:3,(anonymous_11)
FNDA:5,(anonymous_12)
FNDA:0,(anonymous_13)
FNDA:12,(anonymous_14)
FNDA:2,(anonymous_15)
FNDA:3,(anonymous_16)
FNDA:17,(anonymous_17)
FNDA:50,(anonymous_18)
FNDA:17,(anonymous_19)
FNDA:26,(anonymous_20)
FNDA:20,(anonymous_21)
FNDA:10,(anonymous_22)
DA:1,1
DA:2,1
DA:3,1
DA:4,1
DA:18,1
DA:19,20
DA:21,1
DA:22,12
DA:23,19
DA:24,19
DA:28,19
DA:29,1
DA:31,18
DA:33,18
DA:36,12
DA:39,1
DA:40,5
DA:41,0
DA:42,5
DA:43,0
DA:44,5
DA:45,1
DA:48,4
DA:51,1
DA:55,3
DA:57,3
DA:58,5
DA:59,5
DA:60,0
DA:63,2
DA:64,2
DA:68,3
DA:71,1
DA:72,12
DA:73,12
DA:74,12
DA:75,12
DA:77,12
DA:78,2
DA:79,2
DA:81,1
DA:84,12
DA:89,3
DA:93,3
DA:95,2
DA:97,2
DA:98,1
DA:99,1
DA:102,2
DA:107,2
DA:110,12
DA:115,17
DA:117,17
DA:122,17
DA:125,12
DA:126,50
DA:127,8
DA:131,42
DA:132,4
DA:136,38
DA:137,7
DA:143,31
DA:146,12
DA:147,17
DA:149,26
DA:191,12
DA:193,20
DA:195,20
DA:196,3
DA:199,17
DA:202,10
DA:209,10
DA:210,17
DA:214,17
DA:224,10
LF:75
LH:72
BRDA:22,0,0,18
BRDA:23,1,0,18
BRDA:23,1,1,1
BRDA:25,2,0,19
BRDA:25,2,1,0
BRDA:28,3,0,1
BRDA:28,3,1,18
BRDA:40,4,0,0
BRDA:40,4,1,5
BRDA:40,5,0,5
BRDA:40,5,1,0
BRDA:42,6,0,0
BRDA:42,6,1,5
BRDA:42,7,0,5
BRDA:42,7,1,0
BRDA:44,8,0,1
BRDA:44,8,1,4
BRDA:44,9,0,5
BRDA:44,9,1,1
BRDA:59,10,0,2
BRDA:59,10,1,3
BRDA:60,11,0,5
BRDA:60,11,1,0
BRDA:60,11,2,5
BRDA:60,11,3,5
BRDA:63,12,0,0
BRDA:63,12,1,2
BRDA:79,13,0,1
BRDA:79,13,1,1
BRDA:93,14,0,1
BRDA:93,14,1,2
BRDA:97,15,0,1
BRDA:97,15,1,1
BRDA:126,16,0,8
BRDA:126,16,1,42
BRDA:131,17,0,4
BRDA:131,17,1,38
BRDA:136,18,0,7
BRDA:136,18,1,31
BRDA:152,19,0,2
BRDA:152,19,1,24
BRDA:195,20,0,3
BRDA:195,20,1,17
BRF:43
BRH:36
end_of_record
TN:
SF:src/runtype-visitor.ts
FN:26,(anonymous_0)
FN:28,(anonymous_1)
FN:34,(anonymous_2)
FN:66,(anonymous_3)
FN:78,(anonymous_4)
FN:96,(anonymous_5)
FN:102,(anonymous_6)
FN:115,(anonymous_7)
FN:138,(anonymous_8)
FN:143,(anonymous_9)
FN:150,(anonymous_10)
FN:168,(anonymous_11)
FN:186,(anonymous_12)
FNF:13
FNH:13
FNDA:36,(anonymous_0)
FNDA:2,(anonymous_1)
FNDA:43,(anonymous_2)
FNDA:35,(anonymous_3)
FNDA:69,(anonymous_4)
FNDA:12,(anonymous_5)
FNDA:34,(anonymous_6)
FNDA:12,(anonymous_7)
FNDA:15,(anonymous_8)
FNDA:22,(anonymous_9)
FNDA:36,(anonymous_10)
FNDA:22,(anonymous_11)
FNDA:12,(anonymous_12)
DA:2,1
DA:26,36
DA:28,2
DA:34,1
DA:35,43
DA:36,19
DA:41,24
DA:42,20
DA:47,4
DA:48,1
DA:53,3
DA:54,1
DA:60,2
DA:66,1
DA:67,35
DA:69,35
DA:70,0
DA:71,35
DA:72,35
DA:75,0
DA:78,1
DA:83,69
DA:84,43
DA:85,26
DA:86,12
DA:87,14
DA:88,2
DA:89,12
DA:90,10
DA:93,2
DA:96,1
DA:101,12
DA:103,34
DA:105,34
DA:106,33
DA:107,33
DA:110,34
DA:115,1
DA:120,12
DA:126,12
DA:128,11
DA:138,15
DA:143,1
DA:147,22
DA:149,22
DA:151,36
DA:152,35
DA:153,35
DA:155,35
DA:157,33
DA:159,31
DA:161,31
DA:165,20
DA:168,1
DA:173,22
DA:175,20
DA:177,20
DA:185,1
DA:187,12
DA:189,12
DA:191,12
DA:192,12
LF:62
LH:60
BRDA:35,0,0,19
BRDA:35,0,1,24
BRDA:35,1,0,43
BRDA:35,1,1,24
BRDA:41,2,0,20
BRDA:41,2,1,4
BRDA:47,3,0,1
BRDA:47,3,1,3
BRDA:53,4,0,1
BRDA:53,4,1,2
BRDA:69,5,0,0
BRDA:69,5,1,35
BRDA:71,6,0,35
BRDA:71,6,1,0
BRDA:83,7,0,43
BRDA:83,7,1,26
BRDA:85,8,0,12
BRDA:85,8,1,14
BRDA:87,9,0,2
BRDA:87,9,1,12
BRDA:89,10,0,10
BRDA:89,10,1,2
BRDA:90,11,0,10
BRDA:90,11,1,0
BRDA:105,12,0,33
BRDA:105,12,1,1
BRDA:126,13,0,1
BRDA:126,13,1,11
BRDA:129,14,0,7
BRDA:129,14,1,4
BRDA:151,15,0,1
BRDA:151,15,1,35
BRDA:157,16,0,2
BRDA:157,16,1,31
BRDA:191,17,0,12
BRDA:191,17,1,0
BRF:36
BRH:32
end_of_record
TN:
SF:src/traverse-entry.ts
FN:4,(anonymous_1)
FN:16,(anonymous_2)
FNF:2
FNH:2
FNDA:14,(anonymous_1)
FNDA:14,(anonymous_2)
DA:1,2
DA:2,2
DA:4,2
DA:9,14
DA:11,13
DA:13,11
DA:16,2
DA:17,14
DA:21,14
DA:22,14
DA:24,1
LF:11
LH:11
BRF:0
BRH:0
end_of_record
TN:
SF:src/type-creator.ts
FN:17,(anonymous_6)
FN:19,(anonymous_7)
FN:22,(anonymous_8)
FN:24,(anonymous_9)
FN:26,(anonymous_10)
FN:28,(anonymous_11)
FN:30,(anonymous_12)
FN:32,(anonymous_13)
FN:35,(anonymous_14)
FN:38,(anonymous_15)
FN:81,(anonymous_16)
FNF:11
FNH:11
FNDA:50,(anonymous_6)
FNDA:11,(anonymous_7)
FNDA:13,(anonymous_8)
FNDA:14,(anonymous_9)
FNDA:1,(anonymous_10)
FNDA:1,(anonymous_11)
FNDA:2,(anonymous_12)
FNDA:7,(anonymous_13)
FNDA:4,(anonymous_14)
FNDA:17,(anonymous_15)
FNDA:50,(anonymous_16)
DA:1,1
DA:17,50
DA:19,1
DA:20,11
DA:22,13
DA:24,14
DA:26,1
DA:28,1
DA:30,2
DA:32,1
DA:33,7
DA:35,1
DA:36,4
DA:38,1
DA:39,17
DA:81,1
DA:82,50
DA:84,13
DA:86,14
DA:88,1
DA:90,1
DA:92,2
DA:94,8
DA:96,7
DA:98,4
LF:25
LH:25
BRDA:83,0,0,13
BRDA:83,0,1,14
BRDA:83,0,2,1
BRDA:83,0,3,1
BRDA:83,0,4,2
BRDA:83,0,5,8
BRDA:83,0,6,7
BRDA:83,0,7,4
BRF:8
BRH:8
end_of_record
TN:
SF:src/util.ts
FN:3,(anonymous_0)
FN:6,(anonymous_1)
FNF:2
FNH:1
FNDA:0,(anonymous_0)
FNDA:19,(anonymous_1)
DA:1,1
DA:3,1
DA:4,0
DA:6,1
DA:7,19
LF:5
LH:4
BRDA:4,0,0,0
BRDA:4,0,1,0
BRF:2
BRH:0
end_of_record
