{"/Users/d0c032y/Documents/Code/generate-runtypes/dist/runtype-visitor.js": {"path":"/Users/d0c032y/Documents/Code/generate-runtypes/dist/runtype-visitor.js","statementMap":{"0":{"start":{"line":2,"column":0},"end":{"line":2,"column":62}},"1":{"start":{"line":3,"column":0},"end":{"line":3,"column":32}},"2":{"start":{"line":4,"column":16},"end":{"line":4,"column":39}},"3":{"start":{"line":5,"column":16},"end":{"line":5,"column":32}},"4":{"start":{"line":6,"column":19},"end":{"line":6,"column":38}},"5":{"start":{"line":7,"column":21},"end":{"line":7,"column":76}},"6":{"start":{"line":7,"column":32},"end":{"line":7,"column":76}},"7":{"start":{"line":8,"column":26},"end":{"line":8,"column":53}},"8":{"start":{"line":8,"column":44},"end":{"line":8,"column":53}},"9":{"start":{"line":9,"column":38},"end":{"line":9,"column":62}},"10":{"start":{"line":9,"column":49},"end":{"line":9,"column":62}},"11":{"start":{"line":10,"column":20},"end":{"line":17,"column":1}},"12":{"start":{"line":11,"column":22},"end":{"line":11,"column":68}},"13":{"start":{"line":12,"column":21},"end":{"line":12,"column":81}},"14":{"start":{"line":13,"column":4},"end":{"line":14,"column":59}},"15":{"start":{"line":14,"column":8},"end":{"line":14,"column":59}},"16":{"start":{"line":15,"column":4},"end":{"line":15,"column":28}},"17":{"start":{"line":16,"column":4},"end":{"line":16,"column":20}},"18":{"start":{"line":18,"column":27},"end":{"line":34,"column":1}},"19":{"start":{"line":19,"column":4},"end":{"line":33,"column":5}},"20":{"start":{"line":20,"column":8},"end":{"line":20,"column":27}},"21":{"start":{"line":22,"column":9},"end":{"line":33,"column":5}},"22":{"start":{"line":23,"column":8},"end":{"line":23,"column":27}},"23":{"start":{"line":25,"column":9},"end":{"line":33,"column":5}},"24":{"start":{"line":26,"column":8},"end":{"line":26,"column":28}},"25":{"start":{"line":28,"column":9},"end":{"line":33,"column":5}},"26":{"start":{"line":29,"column":8},"end":{"line":29,"column":25}},"27":{"start":{"line":32,"column":8},"end":{"line":32,"column":89}},"28":{"start":{"line":35,"column":28},"end":{"line":44,"column":1}},"29":{"start":{"line":36,"column":16},"end":{"line":36,"column":41}},"30":{"start":{"line":37,"column":4},"end":{"line":42,"column":5}},"31":{"start":{"line":38,"column":8},"end":{"line":38,"column":30}},"32":{"start":{"line":40,"column":9},"end":{"line":42,"column":5}},"33":{"start":{"line":41,"column":8},"end":{"line":41,"column":29}},"34":{"start":{"line":43,"column":4},"end":{"line":43,"column":45}},"35":{"start":{"line":45,"column":23},"end":{"line":77,"column":1}},"36":{"start":{"line":46,"column":4},"end":{"line":75,"column":5}},"37":{"start":{"line":47,"column":8},"end":{"line":51,"column":10}},"38":{"start":{"line":53,"column":9},"end":{"line":75,"column":5}},"39":{"start":{"line":54,"column":86},"end":{"line":54,"column":117}},"40":{"start":{"line":55,"column":8},"end":{"line":59,"column":10}},"41":{"start":{"line":61,"column":9},"end":{"line":75,"column":5}},"42":{"start":{"line":62,"column":8},"end":{"line":66,"column":10}},"43":{"start":{"line":68,"column":9},"end":{"line":75,"column":5}},"44":{"start":{"line":69,"column":91},"end":{"line":69,"column":150}},"45":{"start":{"line":70,"column":8},"end":{"line":74,"column":10}},"46":{"start":{"line":76,"column":4},"end":{"line":76,"column":61}},"47":{"start":{"line":78,"column":21},"end":{"line":91,"column":9}},"48":{"start":{"line":78,"column":44},"end":{"line":91,"column":9}},"49":{"start":{"line":80,"column":28},"end":{"line":80,"column":54}},"50":{"start":{"line":82,"column":8},"end":{"line":84,"column":9}},"51":{"start":{"line":83,"column":12},"end":{"line":83,"column":54}},"52":{"start":{"line":92,"column":27},"end":{"line":112,"column":1}},"53":{"start":{"line":93,"column":18},"end":{"line":93,"column":27}},"54":{"start":{"line":94,"column":23},"end":{"line":94,"column":25}},"55":{"start":{"line":95,"column":20},"end":{"line":95,"column":22}},"56":{"start":{"line":96,"column":24},"end":{"line":96,"column":26}},"57":{"start":{"line":97,"column":4},"end":{"line":105,"column":5}},"58":{"start":{"line":98,"column":75},"end":{"line":98,"column":100}},"59":{"start":{"line":99,"column":8},"end":{"line":100,"column":21}},"60":{"start":{"line":100,"column":12},"end":{"line":100,"column":21}},"61":{"start":{"line":101,"column":8},"end":{"line":101,"column":39}},"62":{"start":{"line":102,"column":8},"end":{"line":102,"column":47}},"63":{"start":{"line":103,"column":8},"end":{"line":103,"column":24}},"64":{"start":{"line":104,"column":8},"end":{"line":104,"column":30}},"65":{"start":{"line":106,"column":4},"end":{"line":107,"column":48}},"66":{"start":{"line":107,"column":8},"end":{"line":107,"column":48}},"67":{"start":{"line":108,"column":27},"end":{"line":110,"column":46}},"68":{"start":{"line":111,"column":4},"end":{"line":111,"column":52}},"69":{"start":{"line":113,"column":23},"end":{"line":143,"column":1}},"70":{"start":{"line":114,"column":19},"end":{"line":114,"column":21}},"71":{"start":{"line":115,"column":21},"end":{"line":115,"column":67}},"72":{"start":{"line":116,"column":20},"end":{"line":116,"column":22}},"73":{"start":{"line":117,"column":24},"end":{"line":117,"column":26}},"74":{"start":{"line":118,"column":4},"end":{"line":132,"column":7}},"75":{"start":{"line":120,"column":12},"end":{"line":121,"column":23}},"76":{"start":{"line":121,"column":16},"end":{"line":121,"column":23}},"77":{"start":{"line":122,"column":24},"end":{"line":122,"column":49}},"78":{"start":{"line":123,"column":26},"end":{"line":123,"column":43}},"79":{"start":{"line":124,"column":80},"end":{"line":124,"column":113}},"80":{"start":{"line":125,"column":12},"end":{"line":126,"column":23}},"81":{"start":{"line":126,"column":16},"end":{"line":126,"column":23}},"82":{"start":{"line":127,"column":12},"end":{"line":127,"column":43}},"83":{"start":{"line":128,"column":12},"end":{"line":128,"column":51}},"84":{"start":{"line":129,"column":12},"end":{"line":129,"column":31}},"85":{"start":{"line":130,"column":12},"end":{"line":130,"column":24}},"86":{"start":{"line":133,"column":19},"end":{"line":133,"column":56}},"87":{"start":{"line":134,"column":17},"end":{"line":134,"column":49}},"88":{"start":{"line":135,"column":4},"end":{"line":138,"column":5}},"89":{"start":{"line":136,"column":33},"end":{"line":136,"column":57}},"90":{"start":{"line":137,"column":8},"end":{"line":137,"column":78}},"91":{"start":{"line":139,"column":4},"end":{"line":139,"column":39}},"92":{"start":{"line":140,"column":4},"end":{"line":140,"column":57}},"93":{"start":{"line":141,"column":4},"end":{"line":141,"column":58}},"94":{"start":{"line":142,"column":4},"end":{"line":142,"column":58}},"95":{"start":{"line":144,"column":0},"end":{"line":153,"column":2}},"96":{"start":{"line":146,"column":19},"end":{"line":146,"column":33}},"97":{"start":{"line":147,"column":21},"end":{"line":147,"column":37}},"98":{"start":{"line":148,"column":8},"end":{"line":151,"column":9}},"99":{"start":{"line":149,"column":45},"end":{"line":149,"column":86}},"100":{"start":{"line":150,"column":12},"end":{"line":150,"column":120}}},"fnMap":{"0":{"name":"(anonymous_0)","decl":{"start":{"line":7,"column":21},"end":{"line":7,"column":22}},"loc":{"start":{"line":7,"column":32},"end":{"line":7,"column":76}},"line":7},"1":{"name":"(anonymous_1)","decl":{"start":{"line":8,"column":26},"end":{"line":8,"column":27}},"loc":{"start":{"line":8,"column":44},"end":{"line":8,"column":53}},"line":8},"2":{"name":"(anonymous_2)","decl":{"start":{"line":9,"column":38},"end":{"line":9,"column":39}},"loc":{"start":{"line":9,"column":49},"end":{"line":9,"column":62}},"line":9},"3":{"name":"(anonymous_3)","decl":{"start":{"line":10,"column":20},"end":{"line":10,"column":21}},"loc":{"start":{"line":10,"column":56},"end":{"line":17,"column":1}},"line":10},"4":{"name":"(anonymous_4)","decl":{"start":{"line":18,"column":27},"end":{"line":18,"column":28}},"loc":{"start":{"line":18,"column":37},"end":{"line":34,"column":1}},"line":18},"5":{"name":"(anonymous_5)","decl":{"start":{"line":35,"column":28},"end":{"line":35,"column":29}},"loc":{"start":{"line":35,"column":48},"end":{"line":44,"column":1}},"line":35},"6":{"name":"(anonymous_6)","decl":{"start":{"line":45,"column":23},"end":{"line":45,"column":24}},"loc":{"start":{"line":45,"column":51},"end":{"line":77,"column":1}},"line":45},"7":{"name":"(anonymous_7)","decl":{"start":{"line":78,"column":21},"end":{"line":78,"column":22}},"loc":{"start":{"line":78,"column":44},"end":{"line":91,"column":9}},"line":78},"8":{"name":"(anonymous_8)","decl":{"start":{"line":79,"column":34},"end":{"line":79,"column":35}},"loc":{"start":{"line":79,"column":51},"end":{"line":90,"column":5}},"line":79},"9":{"name":"(anonymous_9)","decl":{"start":{"line":92,"column":27},"end":{"line":92,"column":28}},"loc":{"start":{"line":92,"column":44},"end":{"line":112,"column":1}},"line":92},"10":{"name":"(anonymous_10)","decl":{"start":{"line":113,"column":23},"end":{"line":113,"column":24}},"loc":{"start":{"line":113,"column":44},"end":{"line":143,"column":1}},"line":113},"11":{"name":"(anonymous_11)","decl":{"start":{"line":119,"column":8},"end":{"line":119,"column":9}},"loc":{"start":{"line":119,"column":29},"end":{"line":131,"column":9}},"line":119},"12":{"name":"(anonymous_12)","decl":{"start":{"line":145,"column":4},"end":{"line":145,"column":5}},"loc":{"start":{"line":145,"column":36},"end":{"line":152,"column":5}},"line":145}},"branchMap":{"0":{"loc":{"start":{"line":10,"column":42},"end":{"line":10,"column":51}},"type":"default-arg","locations":[{"start":{"line":10,"column":50},"end":{"line":10,"column":51}}],"line":10},"1":{"loc":{"start":{"line":11,"column":22},"end":{"line":11,"column":68}},"type":"cond-expr","locations":[{"start":{"line":11,"column":36},"end":{"line":11,"column":44}},{"start":{"line":11,"column":47},"end":{"line":11,"column":68}}],"line":11},"2":{"loc":{"start":{"line":12,"column":21},"end":{"line":12,"column":81}},"type":"cond-expr","locations":[{"start":{"line":12,"column":51},"end":{"line":12,"column":60}},{"start":{"line":12,"column":63},"end":{"line":12,"column":81}}],"line":12},"3":{"loc":{"start":{"line":13,"column":4},"end":{"line":14,"column":59}},"type":"if","locations":[{"start":{"line":13,"column":4},"end":{"line":14,"column":59}},{"start":{"line":13,"column":4},"end":{"line":14,"column":59}}],"line":13},"4":{"loc":{"start":{"line":19,"column":4},"end":{"line":33,"column":5}},"type":"if","locations":[{"start":{"line":19,"column":4},"end":{"line":33,"column":5}},{"start":{"line":19,"column":4},"end":{"line":33,"column":5}}],"line":19},"5":{"loc":{"start":{"line":19,"column":8},"end":{"line":19,"column":72}},"type":"binary-expr","locations":[{"start":{"line":19,"column":8},"end":{"line":19,"column":37}},{"start":{"line":19,"column":41},"end":{"line":19,"column":72}}],"line":19},"6":{"loc":{"start":{"line":22,"column":9},"end":{"line":33,"column":5}},"type":"if","locations":[{"start":{"line":22,"column":9},"end":{"line":33,"column":5}},{"start":{"line":22,"column":9},"end":{"line":33,"column":5}}],"line":22},"7":{"loc":{"start":{"line":25,"column":9},"end":{"line":33,"column":5}},"type":"if","locations":[{"start":{"line":25,"column":9},"end":{"line":33,"column":5}},{"start":{"line":25,"column":9},"end":{"line":33,"column":5}}],"line":25},"8":{"loc":{"start":{"line":28,"column":9},"end":{"line":33,"column":5}},"type":"if","locations":[{"start":{"line":28,"column":9},"end":{"line":33,"column":5}},{"start":{"line":28,"column":9},"end":{"line":33,"column":5}}],"line":28},"9":{"loc":{"start":{"line":37,"column":4},"end":{"line":42,"column":5}},"type":"if","locations":[{"start":{"line":37,"column":4},"end":{"line":42,"column":5}},{"start":{"line":37,"column":4},"end":{"line":42,"column":5}}],"line":37},"10":{"loc":{"start":{"line":40,"column":9},"end":{"line":42,"column":5}},"type":"if","locations":[{"start":{"line":40,"column":9},"end":{"line":42,"column":5}},{"start":{"line":40,"column":9},"end":{"line":42,"column":5}}],"line":40},"11":{"loc":{"start":{"line":46,"column":4},"end":{"line":75,"column":5}},"type":"if","locations":[{"start":{"line":46,"column":4},"end":{"line":75,"column":5}},{"start":{"line":46,"column":4},"end":{"line":75,"column":5}}],"line":46},"12":{"loc":{"start":{"line":53,"column":9},"end":{"line":75,"column":5}},"type":"if","locations":[{"start":{"line":53,"column":9},"end":{"line":75,"column":5}},{"start":{"line":53,"column":9},"end":{"line":75,"column":5}}],"line":53},"13":{"loc":{"start":{"line":61,"column":9},"end":{"line":75,"column":5}},"type":"if","locations":[{"start":{"line":61,"column":9},"end":{"line":75,"column":5}},{"start":{"line":61,"column":9},"end":{"line":75,"column":5}}],"line":61},"14":{"loc":{"start":{"line":68,"column":9},"end":{"line":75,"column":5}},"type":"if","locations":[{"start":{"line":68,"column":9},"end":{"line":75,"column":5}},{"start":{"line":68,"column":9},"end":{"line":75,"column":5}}],"line":68},"15":{"loc":{"start":{"line":69,"column":106},"end":{"line":69,"column":136}},"type":"binary-expr","locations":[{"start":{"line":69,"column":106},"end":{"line":69,"column":115}},{"start":{"line":69,"column":119},"end":{"line":69,"column":136}}],"line":69},"16":{"loc":{"start":{"line":78,"column":30},"end":{"line":78,"column":39}},"type":"default-arg","locations":[{"start":{"line":78,"column":38},"end":{"line":78,"column":39}}],"line":78},"17":{"loc":{"start":{"line":82,"column":8},"end":{"line":84,"column":9}},"type":"if","locations":[{"start":{"line":82,"column":8},"end":{"line":84,"column":9}}],"line":82},"18":{"loc":{"start":{"line":99,"column":8},"end":{"line":100,"column":21}},"type":"if","locations":[{"start":{"line":99,"column":8},"end":{"line":100,"column":21}},{"start":{"line":99,"column":8},"end":{"line":100,"column":21}}],"line":99},"19":{"loc":{"start":{"line":106,"column":4},"end":{"line":107,"column":48}},"type":"if","locations":[{"start":{"line":106,"column":4},"end":{"line":107,"column":48}},{"start":{"line":106,"column":4},"end":{"line":107,"column":48}}],"line":106},"20":{"loc":{"start":{"line":108,"column":27},"end":{"line":110,"column":46}},"type":"cond-expr","locations":[{"start":{"line":109,"column":10},"end":{"line":109,"column":38}},{"start":{"line":110,"column":10},"end":{"line":110,"column":46}}],"line":108},"21":{"loc":{"start":{"line":120,"column":12},"end":{"line":121,"column":23}},"type":"if","locations":[{"start":{"line":120,"column":12},"end":{"line":121,"column":23}},{"start":{"line":120,"column":12},"end":{"line":121,"column":23}}],"line":120},"22":{"loc":{"start":{"line":125,"column":12},"end":{"line":126,"column":23}},"type":"if","locations":[{"start":{"line":125,"column":12},"end":{"line":126,"column":23}},{"start":{"line":125,"column":12},"end":{"line":126,"column":23}}],"line":125},"23":{"loc":{"start":{"line":135,"column":4},"end":{"line":138,"column":5}},"type":"if","locations":[{"start":{"line":135,"column":4},"end":{"line":138,"column":5}},{"start":{"line":135,"column":4},"end":{"line":138,"column":5}}],"line":135},"24":{"loc":{"start":{"line":148,"column":8},"end":{"line":151,"column":9}},"type":"if","locations":[{"start":{"line":148,"column":8},"end":{"line":151,"column":9}},{"start":{"line":148,"column":8},"end":{"line":151,"column":9}}],"line":148}},"s":{"0":1,"1":1,"2":1,"3":1,"4":1,"5":1,"6":19,"7":1,"8":31,"9":1,"10":2,"11":1,"12":21,"13":21,"14":21,"15":2,"16":19,"17":19,"18":1,"19":39,"20":16,"21":23,"22":19,"23":4,"24":1,"25":3,"26":1,"27":2,"28":1,"29":30,"30":30,"31":0,"32":30,"33":30,"34":0,"35":1,"36":62,"37":39,"38":23,"39":11,"40":11,"41":12,"42":2,"43":10,"44":8,"45":8,"46":2,"47":1,"48":17,"49":26,"50":26,"51":26,"52":1,"53":11,"54":11,"55":11,"56":11,"57":11,"58":32,"59":32,"60":1,"61":31,"62":31,"63":31,"64":31,"65":11,"66":1,"67":10,"68":10,"69":1,"70":19,"71":19,"72":19,"73":19,"74":19,"75":31,"76":1,"77":30,"78":30,"79":30,"80":28,"81":2,"82":26,"83":26,"84":26,"85":26,"86":17,"87":17,"88":17,"89":1,"90":1,"91":16,"92":16,"93":16,"94":16,"95":1,"96":11,"97":11,"98":11,"99":11,"100":9},"f":{"0":19,"1":31,"2":2,"3":21,"4":39,"5":30,"6":62,"7":17,"8":26,"9":11,"10":19,"11":31,"12":11},"b":{"0":[19],"1":[19,2],"2":[21,0],"3":[2,19],"4":[16,23],"5":[39,23],"6":[19,4],"7":[1,3],"8":[1,2],"9":[0,30],"10":[30,0],"11":[39,23],"12":[11,12],"13":[2,10],"14":[8,2],"15":[8,2],"16":[17],"17":[26],"18":[1,31],"19":[1,10],"20":[6,4],"21":[1,30],"22":[2,26],"23":[1,16],"24":[11,0]},"inputSourceMap":null,"_coverageSchema":"1a1c01bbd47fc00a2c39e90264f33305004495a9","hash":"a8000fafe7c62dca6483d7158a5f1c46a77acc5d"}
,"/Users/d0c032y/Documents/Code/generate-runtypes/dist/traverse-entry.js": {"path":"/Users/d0c032y/Documents/Code/generate-runtypes/dist/traverse-entry.js","statementMap":{"0":{"start":{"line":2,"column":22},"end":{"line":4,"column":1}},"1":{"start":{"line":3,"column":4},"end":{"line":3,"column":62}},"2":{"start":{"line":5,"column":0},"end":{"line":5,"column":62}},"3":{"start":{"line":6,"column":0},"end":{"line":6,"column":34}},"4":{"start":{"line":7,"column":19},"end":{"line":7,"column":62}},"5":{"start":{"line":8,"column":17},"end":{"line":8,"column":41}},"6":{"start":{"line":9,"column":0},"end":{"line":13,"column":2}},"7":{"start":{"line":10,"column":16},"end":{"line":10,"column":31}},"8":{"start":{"line":11,"column":4},"end":{"line":11,"column":62}},"9":{"start":{"line":12,"column":4},"end":{"line":12,"column":24}},"10":{"start":{"line":14,"column":18},"end":{"line":25,"column":1}},"11":{"start":{"line":15,"column":26},"end":{"line":18,"column":5}},"12":{"start":{"line":19,"column":4},"end":{"line":24,"column":5}},"13":{"start":{"line":20,"column":8},"end":{"line":20,"column":51}},"14":{"start":{"line":23,"column":8},"end":{"line":23,"column":64}}},"fnMap":{"0":{"name":"(anonymous_0)","decl":{"start":{"line":2,"column":56},"end":{"line":2,"column":57}},"loc":{"start":{"line":2,"column":71},"end":{"line":4,"column":1}},"line":2},"1":{"name":"(anonymous_1)","decl":{"start":{"line":9,"column":27},"end":{"line":9,"column":28}},"loc":{"start":{"line":9,"column":60},"end":{"line":13,"column":1}},"line":9},"2":{"name":"(anonymous_2)","decl":{"start":{"line":14,"column":18},"end":{"line":14,"column":19}},"loc":{"start":{"line":14,"column":28},"end":{"line":25,"column":1}},"line":14}},"branchMap":{"0":{"loc":{"start":{"line":2,"column":22},"end":{"line":4,"column":1}},"type":"binary-expr","locations":[{"start":{"line":2,"column":23},"end":{"line":2,"column":27}},{"start":{"line":2,"column":31},"end":{"line":2,"column":51}},{"start":{"line":2,"column":56},"end":{"line":4,"column":1}}],"line":2},"1":{"loc":{"start":{"line":3,"column":11},"end":{"line":3,"column":61}},"type":"cond-expr","locations":[{"start":{"line":3,"column":37},"end":{"line":3,"column":40}},{"start":{"line":3,"column":43},"end":{"line":3,"column":61}}],"line":3},"2":{"loc":{"start":{"line":3,"column":12},"end":{"line":3,"column":33}},"type":"binary-expr","locations":[{"start":{"line":3,"column":12},"end":{"line":3,"column":15}},{"start":{"line":3,"column":19},"end":{"line":3,"column":33}}],"line":3}},"s":{"0":2,"1":2,"2":2,"3":2,"4":2,"5":2,"6":2,"7":13,"8":12,"9":10,"10":2,"11":13,"12":13,"13":13,"14":1},"f":{"0":2,"1":13,"2":13},"b":{"0":[2,2,2],"1":[2,0],"2":[2,2]},"inputSourceMap":null,"_coverageSchema":"1a1c01bbd47fc00a2c39e90264f33305004495a9","hash":"3467e1ee22669630e960f30ac562d0f931bda37c"}
,"/Users/d0c032y/Documents/Code/generate-runtypes/src/runtype-visitor.ts": {"path":"/Users/d0c032y/Documents/Code/generate-runtypes/src/runtype-visitor.ts","statementMap":{"0":{"start":{"line":2,"column":0},"end":{"line":2,"column":null}},"1":{"start":{"line":15,"column":0},"end":{"line":15,"column":28}},"2":{"start":{"line":16,"column":0},"end":{"line":16,"column":52}},"3":{"start":{"line":30,"column":21},"end":{"line":31,"column":46}},"4":{"start":{"line":31,"column":2},"end":{"line":31,"column":46}},"5":{"start":{"line":32,"column":26},"end":{"line":32,"column":69}},"6":{"start":{"line":32,"column":60},"end":{"line":32,"column":69}},"7":{"start":{"line":34,"column":38},"end":{"line":34,"column":72}},"8":{"start":{"line":34,"column":59},"end":{"line":34,"column":72}},"9":{"start":{"line":36,"column":20},"end":{"line":49,"column":1}},"10":{"start":{"line":41,"column":20},"end":{"line":41,"column":66}},"11":{"start":{"line":42,"column":19},"end":{"line":42,"column":79}},"12":{"start":{"line":44,"column":2},"end":{"line":45,"column":55}},"13":{"start":{"line":45,"column":4},"end":{"line":45,"column":55}},"14":{"start":{"line":47,"column":2},"end":{"line":47,"column":26}},"15":{"start":{"line":48,"column":2},"end":{"line":48,"column":18}},"16":{"start":{"line":51,"column":27},"end":{"line":65,"column":1}},"17":{"start":{"line":52,"column":2},"end":{"line":64,"column":null}},"18":{"start":{"line":53,"column":4},"end":{"line":53,"column":23}},"19":{"start":{"line":54,"column":9},"end":{"line":64,"column":null}},"20":{"start":{"line":55,"column":4},"end":{"line":55,"column":23}},"21":{"start":{"line":56,"column":9},"end":{"line":64,"column":null}},"22":{"start":{"line":57,"column":4},"end":{"line":57,"column":24}},"23":{"start":{"line":58,"column":9},"end":{"line":64,"column":null}},"24":{"start":{"line":59,"column":4},"end":{"line":59,"column":21}},"25":{"start":{"line":61,"column":4},"end":{"line":63,"column":6}},"26":{"start":{"line":67,"column":28},"end":{"line":77,"column":1}},"27":{"start":{"line":68,"column":14},"end":{"line":68,"column":39}},"28":{"start":{"line":70,"column":2},"end":{"line":74,"column":null}},"29":{"start":{"line":71,"column":4},"end":{"line":71,"column":26}},"30":{"start":{"line":72,"column":8},"end":{"line":74,"column":null}},"31":{"start":{"line":73,"column":4},"end":{"line":73,"column":25}},"32":{"start":{"line":76,"column":2},"end":{"line":76,"column":43}},"33":{"start":{"line":79,"column":23},"end":{"line":123,"column":1}},"34":{"start":{"line":84,"column":2},"end":{"line":120,"column":null}},"35":{"start":{"line":85,"column":4},"end":{"line":89,"column":6}},"36":{"start":{"line":90,"column":9},"end":{"line":120,"column":null}},"37":{"start":{"line":95,"column":8},"end":{"line":95,"column":39}},"38":{"start":{"line":97,"column":4},"end":{"line":101,"column":6}},"39":{"start":{"line":102,"column":9},"end":{"line":120,"column":null}},"40":{"start":{"line":103,"column":4},"end":{"line":107,"column":6}},"41":{"start":{"line":108,"column":9},"end":{"line":120,"column":null}},"42":{"start":{"line":113,"column":8},"end":{"line":113,"column":67}},"43":{"start":{"line":115,"column":4},"end":{"line":119,"column":6}},"44":{"start":{"line":122,"column":2},"end":{"line":122,"column":59}},"45":{"start":{"line":125,"column":21},"end":{"line":144,"column":7}},"46":{"start":{"line":129,"column":2},"end":{"line":144,"column":7}},"47":{"start":{"line":131,"column":24},"end":{"line":131,"column":50}},"48":{"start":{"line":134,"column":4},"end":{"line":136,"column":null}},"49":{"start":{"line":135,"column":6},"end":{"line":135,"column":48}},"50":{"start":{"line":146,"column":27},"end":{"line":175,"column":1}},"51":{"start":{"line":150,"column":16},"end":{"line":150,"column":25}},"52":{"start":{"line":151,"column":32},"end":{"line":151,"column":34}},"53":{"start":{"line":153,"column":28},"end":{"line":153,"column":30}},"54":{"start":{"line":154,"column":32},"end":{"line":154,"column":34}},"55":{"start":{"line":156,"column":2},"end":{"line":165,"column":null}},"56":{"start":{"line":157,"column":69},"end":{"line":157,"column":94}},"57":{"start":{"line":159,"column":4},"end":{"line":159,"column":23}},"58":{"start":{"line":159,"column":14},"end":{"line":159,"column":23}},"59":{"start":{"line":161,"column":4},"end":{"line":161,"column":35}},"60":{"start":{"line":162,"column":4},"end":{"line":162,"column":43}},"61":{"start":{"line":163,"column":4},"end":{"line":163,"column":20}},"62":{"start":{"line":164,"column":4},"end":{"line":164,"column":26}},"63":{"start":{"line":167,"column":2},"end":{"line":167,"column":61}},"64":{"start":{"line":167,"column":23},"end":{"line":167,"column":61}},"65":{"start":{"line":170,"column":4},"end":{"line":172,"column":44}},"66":{"start":{"line":174,"column":2},"end":{"line":174,"column":50}},"67":{"start":{"line":177,"column":23},"end":{"line":224,"column":1}},"68":{"start":{"line":182,"column":41},"end":{"line":182,"column":43}},"69":{"start":{"line":183,"column":19},"end":{"line":183,"column":65}},"70":{"start":{"line":185,"column":28},"end":{"line":185,"column":30}},"71":{"start":{"line":186,"column":32},"end":{"line":186,"column":34}},"72":{"start":{"line":188,"column":2},"end":{"line":208,"column":5}},"73":{"start":{"line":190,"column":6},"end":{"line":190,"column":48}},"74":{"start":{"line":190,"column":41},"end":{"line":190,"column":48}},"75":{"start":{"line":191,"column":18},"end":{"line":191,"column":43}},"76":{"start":{"line":192,"column":20},"end":{"line":192,"column":37}},"77":{"start":{"line":198,"column":10},"end":{"line":198,"column":43}},"78":{"start":{"line":200,"column":6},"end":{"line":200,"column":24}},"79":{"start":{"line":200,"column":17},"end":{"line":200,"column":24}},"80":{"start":{"line":202,"column":6},"end":{"line":202,"column":37}},"81":{"start":{"line":203,"column":6},"end":{"line":203,"column":45}},"82":{"start":{"line":204,"column":6},"end":{"line":204,"column":25}},"83":{"start":{"line":206,"column":6},"end":{"line":206,"column":18}},"84":{"start":{"line":210,"column":17},"end":{"line":210,"column":54}},"85":{"start":{"line":211,"column":15},"end":{"line":211,"column":47}},"86":{"start":{"line":213,"column":2},"end":{"line":217,"column":null}},"87":{"start":{"line":214,"column":29},"end":{"line":214,"column":54}},"88":{"start":{"line":216,"column":4},"end":{"line":216,"column":74}},"89":{"start":{"line":219,"column":2},"end":{"line":219,"column":37}},"90":{"start":{"line":220,"column":2},"end":{"line":220,"column":55}},"91":{"start":{"line":221,"column":2},"end":{"line":221,"column":56}},"92":{"start":{"line":223,"column":2},"end":{"line":223,"column":56}},"93":{"start":{"line":226,"column":13},"end":{"line":244,"column":2}},"94":{"start":{"line":228,"column":15},"end":{"line":228,"column":53}},"95":{"start":{"line":229,"column":17},"end":{"line":229,"column":33}},"96":{"start":{"line":231,"column":4},"end":{"line":242,"column":null}},"97":{"start":{"line":232,"column":39},"end":{"line":235,"column":null}},"98":{"start":{"line":238,"column":6},"end":{"line":241,"column":8}}},"fnMap":{"0":{"name":"(anonymous_0)","decl":{"start":{"line":30,"column":21},"end":{"line":30,"column":22}},"loc":{"start":{"line":31,"column":2},"end":{"line":31,"column":46}}},"1":{"name":"(anonymous_1)","decl":{"start":{"line":32,"column":26},"end":{"line":32,"column":27}},"loc":{"start":{"line":32,"column":60},"end":{"line":32,"column":69}}},"2":{"name":"(anonymous_2)","decl":{"start":{"line":34,"column":38},"end":{"line":34,"column":39}},"loc":{"start":{"line":34,"column":59},"end":{"line":34,"column":72}}},"3":{"name":"(anonymous_3)","decl":{"start":{"line":36,"column":20},"end":{"line":36,"column":null}},"loc":{"start":{"line":40,"column":12},"end":{"line":49,"column":1}}},"4":{"name":"(anonymous_4)","decl":{"start":{"line":51,"column":27},"end":{"line":51,"column":28}},"loc":{"start":{"line":51,"column":45},"end":{"line":65,"column":1}}},"5":{"name":"(anonymous_5)","decl":{"start":{"line":67,"column":28},"end":{"line":67,"column":29}},"loc":{"start":{"line":67,"column":74},"end":{"line":77,"column":1}}},"6":{"name":"(anonymous_6)","decl":{"start":{"line":79,"column":23},"end":{"line":79,"column":null}},"loc":{"start":{"line":83,"column":4},"end":{"line":123,"column":1}}},"7":{"name":"(anonymous_7)","decl":{"start":{"line":125,"column":21},"end":{"line":125,"column":null}},"loc":{"start":{"line":129,"column":2},"end":{"line":144,"column":7}}},"8":{"name":"(anonymous_8)","decl":{"start":{"line":130,"column":32},"end":{"line":130,"column":33}},"loc":{"start":{"line":130,"column":48},"end":{"line":143,"column":3}}},"9":{"name":"(anonymous_9)","decl":{"start":{"line":146,"column":27},"end":{"line":146,"column":null}},"loc":{"start":{"line":149,"column":4},"end":{"line":175,"column":1}}},"10":{"name":"(anonymous_10)","decl":{"start":{"line":177,"column":23},"end":{"line":177,"column":null}},"loc":{"start":{"line":181,"column":22},"end":{"line":224,"column":1}}},"11":{"name":"(anonymous_11)","decl":{"start":{"line":189,"column":4},"end":{"line":189,"column":18}},"loc":{"start":{"line":189,"column":23},"end":{"line":207,"column":5}}},"12":{"name":"(anonymous_12)","decl":{"start":{"line":227,"column":2},"end":{"line":227,"column":20}},"loc":{"start":{"line":227,"column":32},"end":{"line":243,"column":3}}}},"branchMap":{"0":{"loc":{"start":{"line":39,"column":10},"end":{"line":39,"column":11}},"type":"default-arg","locations":[{"start":{"line":39,"column":10},"end":{"line":39,"column":11}}]},"1":{"loc":{"start":{"line":41,"column":34},"end":{"line":41,"column":42}},"type":"cond-expr","locations":[{"start":{"line":41,"column":34},"end":{"line":41,"column":42}},{"start":{"line":41,"column":45},"end":{"line":41,"column":66}}]},"2":{"loc":{"start":{"line":42,"column":49},"end":{"line":42,"column":58}},"type":"cond-expr","locations":[{"start":{"line":42,"column":49},"end":{"line":42,"column":58}},{"start":{"line":42,"column":61},"end":{"line":42,"column":79}}]},"3":{"loc":{"start":{"line":44,"column":2},"end":{"line":45,"column":55}},"type":"if","locations":[{"start":{"line":44,"column":2},"end":{"line":45,"column":55}},{"start":{"line":44,"column":2},"end":{"line":45,"column":55}}]},"4":{"loc":{"start":{"line":52,"column":2},"end":{"line":64,"column":null}},"type":"if","locations":[{"start":{"line":52,"column":2},"end":{"line":64,"column":null}},{"start":{"line":52,"column":2},"end":{"line":64,"column":null}}]},"5":{"loc":{"start":{"line":52,"column":6},"end":{"line":52,"column":27}},"type":"binary-expr","locations":[{"start":{"line":52,"column":6},"end":{"line":52,"column":27}},{"start":{"line":52,"column":31},"end":{"line":52,"column":54}}]},"6":{"loc":{"start":{"line":54,"column":9},"end":{"line":64,"column":null}},"type":"if","locations":[{"start":{"line":54,"column":9},"end":{"line":64,"column":null}},{"start":{"line":54,"column":9},"end":{"line":64,"column":null}}]},"7":{"loc":{"start":{"line":56,"column":9},"end":{"line":64,"column":null}},"type":"if","locations":[{"start":{"line":56,"column":9},"end":{"line":64,"column":null}},{"start":{"line":56,"column":9},"end":{"line":64,"column":null}}]},"8":{"loc":{"start":{"line":58,"column":9},"end":{"line":64,"column":null}},"type":"if","locations":[{"start":{"line":58,"column":9},"end":{"line":64,"column":null}},{"start":{"line":58,"column":9},"end":{"line":64,"column":null}}]},"9":{"loc":{"start":{"line":70,"column":2},"end":{"line":74,"column":null}},"type":"if","locations":[{"start":{"line":70,"column":2},"end":{"line":74,"column":null}},{"start":{"line":70,"column":2},"end":{"line":74,"column":null}}]},"10":{"loc":{"start":{"line":72,"column":8},"end":{"line":74,"column":null}},"type":"if","locations":[{"start":{"line":72,"column":8},"end":{"line":74,"column":null}},{"start":{"line":72,"column":8},"end":{"line":74,"column":null}}]},"11":{"loc":{"start":{"line":84,"column":2},"end":{"line":120,"column":null}},"type":"if","locations":[{"start":{"line":84,"column":2},"end":{"line":120,"column":null}},{"start":{"line":84,"column":2},"end":{"line":120,"column":null}}]},"12":{"loc":{"start":{"line":90,"column":9},"end":{"line":120,"column":null}},"type":"if","locations":[{"start":{"line":90,"column":9},"end":{"line":120,"column":null}},{"start":{"line":90,"column":9},"end":{"line":120,"column":null}}]},"13":{"loc":{"start":{"line":102,"column":9},"end":{"line":120,"column":null}},"type":"if","locations":[{"start":{"line":102,"column":9},"end":{"line":120,"column":null}},{"start":{"line":102,"column":9},"end":{"line":120,"column":null}}]},"14":{"loc":{"start":{"line":108,"column":9},"end":{"line":120,"column":null}},"type":"if","locations":[{"start":{"line":108,"column":9},"end":{"line":120,"column":null}},{"start":{"line":108,"column":9},"end":{"line":120,"column":null}}]},"15":{"loc":{"start":{"line":113,"column":23},"end":{"line":113,"column":32}},"type":"binary-expr","locations":[{"start":{"line":113,"column":23},"end":{"line":113,"column":32}},{"start":{"line":113,"column":36},"end":{"line":113,"column":53}}]},"16":{"loc":{"start":{"line":127,"column":10},"end":{"line":127,"column":11}},"type":"default-arg","locations":[{"start":{"line":127,"column":10},"end":{"line":127,"column":11}}]},"17":{"loc":{"start":{"line":134,"column":4},"end":{"line":136,"column":null}},"type":"if","locations":[{"start":{"line":134,"column":4},"end":{"line":136,"column":null}}]},"18":{"loc":{"start":{"line":159,"column":4},"end":{"line":159,"column":23}},"type":"if","locations":[{"start":{"line":159,"column":4},"end":{"line":159,"column":23}},{"start":{"line":159,"column":4},"end":{"line":159,"column":23}}]},"19":{"loc":{"start":{"line":167,"column":2},"end":{"line":167,"column":61}},"type":"if","locations":[{"start":{"line":167,"column":2},"end":{"line":167,"column":61}},{"start":{"line":167,"column":2},"end":{"line":167,"column":61}}]},"20":{"loc":{"start":{"line":171,"column":8},"end":{"line":171,"column":36}},"type":"cond-expr","locations":[{"start":{"line":171,"column":8},"end":{"line":171,"column":36}},{"start":{"line":172,"column":8},"end":{"line":172,"column":44}}]},"21":{"loc":{"start":{"line":190,"column":6},"end":{"line":190,"column":48}},"type":"if","locations":[{"start":{"line":190,"column":6},"end":{"line":190,"column":48}},{"start":{"line":190,"column":6},"end":{"line":190,"column":48}}]},"22":{"loc":{"start":{"line":200,"column":6},"end":{"line":200,"column":24}},"type":"if","locations":[{"start":{"line":200,"column":6},"end":{"line":200,"column":24}},{"start":{"line":200,"column":6},"end":{"line":200,"column":24}}]},"23":{"loc":{"start":{"line":213,"column":2},"end":{"line":217,"column":null}},"type":"if","locations":[{"start":{"line":213,"column":2},"end":{"line":217,"column":null}},{"start":{"line":213,"column":2},"end":{"line":217,"column":null}}]},"24":{"loc":{"start":{"line":231,"column":4},"end":{"line":242,"column":null}},"type":"if","locations":[{"start":{"line":231,"column":4},"end":{"line":242,"column":null}},{"start":{"line":231,"column":4},"end":{"line":242,"column":null}}]}},"s":{"0":1,"1":1,"2":1,"3":1,"4":19,"5":1,"6":31,"7":1,"8":2,"9":1,"10":21,"11":21,"12":21,"13":2,"14":19,"15":19,"16":1,"17":39,"18":16,"19":23,"20":19,"21":4,"22":1,"23":3,"24":1,"25":2,"26":1,"27":30,"28":30,"29":0,"30":30,"31":30,"32":0,"33":1,"34":62,"35":39,"36":23,"37":11,"38":11,"39":12,"40":2,"41":10,"42":8,"43":8,"44":2,"45":1,"46":17,"47":26,"48":26,"49":26,"50":1,"51":11,"52":11,"53":11,"54":11,"55":11,"56":32,"57":32,"58":1,"59":31,"60":31,"61":31,"62":31,"63":11,"64":1,"65":10,"66":10,"67":1,"68":19,"69":19,"70":19,"71":19,"72":19,"73":31,"74":1,"75":30,"76":30,"77":30,"78":28,"79":2,"80":26,"81":26,"82":26,"83":26,"84":17,"85":17,"86":17,"87":1,"88":1,"89":16,"90":16,"91":16,"92":16,"93":1,"94":11,"95":11,"96":11,"97":11,"98":9},"f":{"0":19,"1":31,"2":2,"3":21,"4":39,"5":30,"6":62,"7":17,"8":26,"9":11,"10":19,"11":31,"12":11},"b":{"0":[19],"1":[19,2],"2":[21,0],"3":[2,19],"4":[16,23],"5":[39,23],"6":[19,4],"7":[1,3],"8":[1,2],"9":[0,30],"10":[30,0],"11":[39,23],"12":[11,12],"13":[2,10],"14":[8,2],"15":[8,2],"16":[17],"17":[26],"18":[1,31],"19":[1,10],"20":[6,4],"21":[1,30],"22":[2,26],"23":[1,16],"24":[11,0]}}
,"/Users/d0c032y/Documents/Code/generate-runtypes/src/traverse-entry.ts": {"path":"/Users/d0c032y/Documents/Code/generate-runtypes/src/traverse-entry.ts","statementMap":{"0":{"start":{"line":1,"column":0},"end":{"line":1,"column":52}},"1":{"start":{"line":2,"column":0},"end":{"line":2,"column":53}},"2":{"start":{"line":4,"column":13},"end":{"line":14,"column":2}},"3":{"start":{"line":9,"column":14},"end":{"line":9,"column":29}},"4":{"start":{"line":11,"column":2},"end":{"line":11,"column":50}},"5":{"start":{"line":13,"column":2},"end":{"line":13,"column":22}},"6":{"start":{"line":16,"column":18},"end":{"line":26,"column":1}},"7":{"start":{"line":17,"column":39},"end":{"line":20,"column":4}},"8":{"start":{"line":21,"column":2},"end":{"line":25,"column":null}},"9":{"start":{"line":22,"column":4},"end":{"line":22,"column":38}},"10":{"start":{"line":24,"column":4},"end":{"line":24,"column":60}}},"fnMap":{"0":{"name":"(anonymous_1)","decl":{"start":{"line":4,"column":32},"end":{"line":4,"column":null}},"loc":{"start":{"line":8,"column":7},"end":{"line":14,"column":1}}},"1":{"name":"(anonymous_2)","decl":{"start":{"line":16,"column":18},"end":{"line":16,"column":19}},"loc":{"start":{"line":16,"column":35},"end":{"line":26,"column":1}}}},"branchMap":{},"s":{"0":2,"1":2,"2":2,"3":13,"4":12,"5":10,"6":2,"7":13,"8":13,"9":13,"10":1},"f":{"0":13,"1":13},"b":{}}
}
