TN:
SF:dist/runtype-visitor.js
FN:7,(anonymous_0)
FN:8,(anonymous_1)
FN:9,(anonymous_2)
FN:10,(anonymous_3)
FN:18,(anonymous_4)
FN:35,(anonymous_5)
FN:45,(anonymous_6)
FN:78,(anonymous_7)
FN:79,(anonymous_8)
FN:92,(anonymous_9)
FN:113,(anonymous_10)
FN:119,(anonymous_11)
FN:145,(anonymous_12)
FNF:13
FNH:13
FNDA:19,(anonymous_0)
FNDA:31,(anonymous_1)
FNDA:2,(anonymous_2)
FNDA:21,(anonymous_3)
FNDA:39,(anonymous_4)
FNDA:30,(anonymous_5)
FNDA:62,(anonymous_6)
FNDA:17,(anonymous_7)
FNDA:26,(anonymous_8)
FNDA:11,(anonymous_9)
FNDA:19,(anonymous_10)
FNDA:31,(anonymous_11)
FNDA:11,(anonymous_12)
DA:2,1
DA:3,1
DA:4,1
DA:5,1
DA:6,1
DA:7,19
DA:8,31
DA:9,2
DA:10,1
DA:11,21
DA:12,21
DA:13,21
DA:14,2
DA:15,19
DA:16,19
DA:18,1
DA:19,39
DA:20,16
DA:22,23
DA:23,19
DA:25,4
DA:26,1
DA:28,3
DA:29,1
DA:32,2
DA:35,1
DA:36,30
DA:37,30
DA:38,0
DA:40,30
DA:41,30
DA:43,0
DA:45,1
DA:46,62
DA:47,39
DA:53,23
DA:54,11
DA:55,11
DA:61,12
DA:62,2
DA:68,10
DA:69,8
DA:70,8
DA:76,2
DA:78,17
DA:80,26
DA:82,26
DA:83,26
DA:92,1
DA:93,11
DA:94,11
DA:95,11
DA:96,11
DA:97,11
DA:98,32
DA:99,32
DA:100,1
DA:101,31
DA:102,31
DA:103,31
DA:104,31
DA:106,11
DA:107,1
DA:108,10
DA:111,10
DA:113,1
DA:114,19
DA:115,19
DA:116,19
DA:117,19
DA:118,19
DA:120,31
DA:121,1
DA:122,30
DA:123,30
DA:124,30
DA:125,28
DA:126,2
DA:127,26
DA:128,26
DA:129,26
DA:130,26
DA:133,17
DA:134,17
DA:135,17
DA:136,1
DA:137,1
DA:139,16
DA:140,16
DA:141,16
DA:142,16
DA:144,1
DA:146,11
DA:147,11
DA:148,11
DA:149,11
DA:150,9
LF:97
LH:95
BRDA:10,0,0,19
BRDA:11,1,0,19
BRDA:11,1,1,2
BRDA:12,2,0,21
BRDA:12,2,1,0
BRDA:13,3,0,2
BRDA:13,3,1,19
BRDA:19,4,0,16
BRDA:19,4,1,23
BRDA:19,5,0,39
BRDA:19,5,1,23
BRDA:22,6,0,19
BRDA:22,6,1,4
BRDA:25,7,0,1
BRDA:25,7,1,3
BRDA:28,8,0,1
BRDA:28,8,1,2
BRDA:37,9,0,0
BRDA:37,9,1,30
BRDA:40,10,0,30
BRDA:40,10,1,0
BRDA:46,11,0,39
BRDA:46,11,1,23
BRDA:53,12,0,11
BRDA:53,12,1,12
BRDA:61,13,0,2
BRDA:61,13,1,10
BRDA:68,14,0,8
BRDA:68,14,1,2
BRDA:69,15,0,8
BRDA:69,15,1,2
BRDA:78,16,0,17
BRDA:82,17,0,26
BRDA:99,18,0,1
BRDA:99,18,1,31
BRDA:106,19,0,1
BRDA:106,19,1,10
BRDA:108,20,0,6
BRDA:108,20,1,4
BRDA:120,21,0,1
BRDA:120,21,1,30
BRDA:125,22,0,2
BRDA:125,22,1,26
BRDA:135,23,0,1
BRDA:135,23,1,16
BRDA:148,24,0,11
BRDA:148,24,1,0
BRF:47
BRH:43
end_of_record
TN:
SF:dist/traverse-entry.js
FN:2,(anonymous_0)
FN:9,(anonymous_1)
FN:14,(anonymous_2)
FNF:3
FNH:3
FNDA:2,(anonymous_0)
FNDA:13,(anonymous_1)
FNDA:13,(anonymous_2)
DA:2,2
DA:3,2
DA:5,2
DA:6,2
DA:7,2
DA:8,2
DA:9,2
DA:10,13
DA:11,12
DA:12,10
DA:14,2
DA:15,13
DA:19,13
DA:20,13
DA:23,1
LF:15
LH:15
BRDA:2,0,0,2
BRDA:2,0,1,2
BRDA:2,0,2,2
BRDA:3,1,0,2
BRDA:3,1,1,0
BRDA:3,2,0,2
BRDA:3,2,1,2
BRF:7
BRH:6
end_of_record
TN:
SF:src/runtype-visitor.ts
FN:30,(anonymous_0)
FN:32,(anonymous_1)
FN:34,(anonymous_2)
FN:36,(anonymous_3)
FN:51,(anonymous_4)
FN:67,(anonymous_5)
FN:79,(anonymous_6)
FN:125,(anonymous_7)
FN:130,(anonymous_8)
FN:146,(anonymous_9)
FN:177,(anonymous_10)
FN:189,(anonymous_11)
FN:227,(anonymous_12)
FNF:13
FNH:13
FNDA:19,(anonymous_0)
FNDA:31,(anonymous_1)
FNDA:2,(anonymous_2)
FNDA:21,(anonymous_3)
FNDA:39,(anonymous_4)
FNDA:30,(anonymous_5)
FNDA:62,(anonymous_6)
FNDA:17,(anonymous_7)
FNDA:26,(anonymous_8)
FNDA:11,(anonymous_9)
FNDA:19,(anonymous_10)
FNDA:31,(anonymous_11)
FNDA:11,(anonymous_12)
DA:2,1
DA:15,1
DA:16,1
DA:30,1
DA:31,19
DA:32,31
DA:34,2
DA:36,1
DA:41,21
DA:42,21
DA:44,21
DA:45,2
DA:47,19
DA:48,19
DA:51,1
DA:52,39
DA:53,16
DA:54,23
DA:55,19
DA:56,4
DA:57,1
DA:58,3
DA:59,1
DA:61,2
DA:67,1
DA:68,30
DA:70,30
DA:71,0
DA:72,30
DA:73,30
DA:76,0
DA:79,1
DA:84,62
DA:85,39
DA:90,23
DA:95,11
DA:97,11
DA:102,12
DA:103,2
DA:108,10
DA:113,8
DA:115,8
DA:122,2
DA:125,1
DA:129,17
DA:131,26
DA:134,26
DA:135,26
DA:146,1
DA:150,11
DA:151,11
DA:153,11
DA:154,11
DA:156,11
DA:157,32
DA:159,32
DA:161,31
DA:162,31
DA:163,31
DA:164,31
DA:167,11
DA:170,10
DA:174,10
DA:177,1
DA:182,19
DA:183,19
DA:185,19
DA:186,19
DA:188,19
DA:190,31
DA:191,30
DA:192,30
DA:198,30
DA:200,28
DA:202,26
DA:203,26
DA:204,26
DA:206,26
DA:210,17
DA:211,17
DA:213,17
DA:214,1
DA:216,1
DA:219,16
DA:220,16
DA:221,16
DA:223,16
DA:226,1
DA:228,11
DA:229,11
DA:231,11
DA:232,11
DA:238,9
LF:93
LH:91
BRDA:39,0,0,19
BRDA:41,1,0,19
BRDA:41,1,1,2
BRDA:42,2,0,21
BRDA:42,2,1,0
BRDA:44,3,0,2
BRDA:44,3,1,19
BRDA:52,4,0,16
BRDA:52,4,1,23
BRDA:52,5,0,39
BRDA:52,5,1,23
BRDA:54,6,0,19
BRDA:54,6,1,4
BRDA:56,7,0,1
BRDA:56,7,1,3
BRDA:58,8,0,1
BRDA:58,8,1,2
BRDA:70,9,0,0
BRDA:70,9,1,30
BRDA:72,10,0,30
BRDA:72,10,1,0
BRDA:84,11,0,39
BRDA:84,11,1,23
BRDA:90,12,0,11
BRDA:90,12,1,12
BRDA:102,13,0,2
BRDA:102,13,1,10
BRDA:108,14,0,8
BRDA:108,14,1,2
BRDA:113,15,0,8
BRDA:113,15,1,2
BRDA:127,16,0,17
BRDA:134,17,0,26
BRDA:159,18,0,1
BRDA:159,18,1,31
BRDA:167,19,0,1
BRDA:167,19,1,10
BRDA:171,20,0,6
BRDA:171,20,1,4
BRDA:190,21,0,1
BRDA:190,21,1,30
BRDA:200,22,0,2
BRDA:200,22,1,26
BRDA:213,23,0,1
BRDA:213,23,1,16
BRDA:231,24,0,11
BRDA:231,24,1,0
BRF:47
BRH:43
end_of_record
TN:
SF:src/traverse-entry.ts
FN:4,(anonymous_1)
FN:16,(anonymous_2)
FNF:2
FNH:2
FNDA:13,(anonymous_1)
FNDA:13,(anonymous_2)
DA:1,2
DA:2,2
DA:4,2
DA:9,13
DA:11,12
DA:13,10
DA:16,2
DA:17,13
DA:21,13
DA:22,13
DA:24,1
LF:11
LH:11
BRF:0
BRH:0
end_of_record
